mode: set
github.com/Searedphantasm/bookings/internal/driver/driver.go:24.42,26.16 2 0
github.com/Searedphantasm/bookings/internal/driver/driver.go:26.16,27.13 1 0
github.com/Searedphantasm/bookings/internal/driver/driver.go:30.2,37.16 6 0
github.com/Searedphantasm/bookings/internal/driver/driver.go:37.16,39.3 1 0
github.com/Searedphantasm/bookings/internal/driver/driver.go:41.2,41.20 1 0
github.com/Searedphantasm/bookings/internal/driver/driver.go:45.30,47.16 2 0
github.com/Searedphantasm/bookings/internal/driver/driver.go:47.16,49.3 1 0
github.com/Searedphantasm/bookings/internal/driver/driver.go:50.2,50.12 1 0
github.com/Searedphantasm/bookings/internal/driver/driver.go:54.47,56.16 2 0
github.com/Searedphantasm/bookings/internal/driver/driver.go:56.16,58.3 1 0
github.com/Searedphantasm/bookings/internal/driver/driver.go:60.2,60.33 1 0
github.com/Searedphantasm/bookings/internal/driver/driver.go:60.33,62.3 1 0
github.com/Searedphantasm/bookings/internal/driver/driver.go:64.2,64.16 1 0
github.com/Searedphantasm/bookings/cmd/web/main.go:27.13,29.16 2 0
github.com/Searedphantasm/bookings/cmd/web/main.go:29.16,31.3 1 0
github.com/Searedphantasm/bookings/cmd/web/main.go:32.2,32.26 1 0
github.com/Searedphantasm/bookings/cmd/web/main.go:32.26,34.17 2 0
github.com/Searedphantasm/bookings/cmd/web/main.go:34.17,36.4 1 0
github.com/Searedphantasm/bookings/cmd/web/main.go:39.2,50.16 7 0
github.com/Searedphantasm/bookings/cmd/web/main.go:53.32,83.16 21 1
github.com/Searedphantasm/bookings/cmd/web/main.go:83.16,85.3 1 0
github.com/Searedphantasm/bookings/cmd/web/main.go:86.2,89.16 3 1
github.com/Searedphantasm/bookings/cmd/web/main.go:89.16,92.3 2 0
github.com/Searedphantasm/bookings/cmd/web/main.go:94.2,102.16 7 1
github.com/Searedphantasm/bookings/cmd/web/middleware.go:10.45,20.2 3 1
github.com/Searedphantasm/bookings/cmd/web/middleware.go:23.50,25.2 1 1
github.com/Searedphantasm/bookings/cmd/web/middleware.go:27.43,28.71 1 0
github.com/Searedphantasm/bookings/cmd/web/middleware.go:28.71,29.34 1 0
github.com/Searedphantasm/bookings/cmd/web/middleware.go:29.34,33.4 3 0
github.com/Searedphantasm/bookings/cmd/web/middleware.go:34.3,34.23 1 0
github.com/Searedphantasm/bookings/cmd/web/routes.go:11.49,43.43 23 1
github.com/Searedphantasm/bookings/cmd/web/routes.go:43.43,57.3 9 1
github.com/Searedphantasm/bookings/cmd/web/routes.go:59.2,59.12 1 1
github.com/Searedphantasm/bookings/cmd/web/send-mail.go:12.22,13.12 1 0
github.com/Searedphantasm/bookings/cmd/web/send-mail.go:13.12,14.7 1 0
github.com/Searedphantasm/bookings/cmd/web/send-mail.go:14.7,17.4 2 0
github.com/Searedphantasm/bookings/cmd/web/send-mail.go:21.33,30.16 8 0
github.com/Searedphantasm/bookings/cmd/web/send-mail.go:30.16,32.3 1 0
github.com/Searedphantasm/bookings/cmd/web/send-mail.go:34.2,36.22 3 0
github.com/Searedphantasm/bookings/cmd/web/send-mail.go:36.22,38.3 1 0
github.com/Searedphantasm/bookings/cmd/web/send-mail.go:38.8,40.17 2 0
github.com/Searedphantasm/bookings/cmd/web/send-mail.go:40.17,42.4 1 0
github.com/Searedphantasm/bookings/cmd/web/send-mail.go:44.3,46.42 3 0
github.com/Searedphantasm/bookings/cmd/web/send-mail.go:49.2,50.16 2 0
github.com/Searedphantasm/bookings/cmd/web/send-mail.go:50.16,52.3 1 0
github.com/Searedphantasm/bookings/cmd/web/send-mail.go:52.8,54.3 1 0
github.com/Searedphantasm/bookings/internal/driver/driver.go:24.42,26.16 2 1
github.com/Searedphantasm/bookings/internal/driver/driver.go:26.16,27.13 1 0
github.com/Searedphantasm/bookings/internal/driver/driver.go:30.2,37.16 6 1
github.com/Searedphantasm/bookings/internal/driver/driver.go:37.16,39.3 1 0
github.com/Searedphantasm/bookings/internal/driver/driver.go:41.2,41.20 1 1
github.com/Searedphantasm/bookings/internal/driver/driver.go:45.30,47.16 2 1
github.com/Searedphantasm/bookings/internal/driver/driver.go:47.16,49.3 1 0
github.com/Searedphantasm/bookings/internal/driver/driver.go:50.2,50.12 1 1
github.com/Searedphantasm/bookings/internal/driver/driver.go:54.47,56.16 2 1
github.com/Searedphantasm/bookings/internal/driver/driver.go:56.16,58.3 1 0
github.com/Searedphantasm/bookings/internal/driver/driver.go:60.2,60.33 1 1
github.com/Searedphantasm/bookings/internal/driver/driver.go:60.33,62.3 1 0
github.com/Searedphantasm/bookings/internal/driver/driver.go:64.2,64.16 1 1
github.com/Searedphantasm/bookings/internal/helpers/helpers.go:13.38,15.2 1 1
github.com/Searedphantasm/bookings/internal/helpers/helpers.go:17.53,20.2 2 0
github.com/Searedphantasm/bookings/internal/helpers/helpers.go:22.52,26.2 3 0
github.com/Searedphantasm/bookings/internal/helpers/helpers.go:28.44,31.2 2 0
github.com/Searedphantasm/bookings/internal/repository/dbrepo/dbrepo.go:19.81,24.2 1 1
github.com/Searedphantasm/bookings/internal/repository/dbrepo/dbrepo.go:26.66,30.2 1 0
github.com/Searedphantasm/bookings/internal/repository/dbrepo/postgres.go:13.42,15.2 1 0
github.com/Searedphantasm/bookings/internal/repository/dbrepo/postgres.go:18.81,40.16 6 0
github.com/Searedphantasm/bookings/internal/repository/dbrepo/postgres.go:40.16,42.3 1 0
github.com/Searedphantasm/bookings/internal/repository/dbrepo/postgres.go:44.2,44.19 1 0
github.com/Searedphantasm/bookings/internal/repository/dbrepo/postgres.go:48.81,65.16 5 0
github.com/Searedphantasm/bookings/internal/repository/dbrepo/postgres.go:65.16,67.3 1 0
github.com/Searedphantasm/bookings/internal/repository/dbrepo/postgres.go:69.2,69.12 1 0
github.com/Searedphantasm/bookings/internal/repository/dbrepo/postgres.go:73.108,92.16 7 0
github.com/Searedphantasm/bookings/internal/repository/dbrepo/postgres.go:92.16,94.3 1 0
github.com/Searedphantasm/bookings/internal/repository/dbrepo/postgres.go:96.2,96.18 1 0
github.com/Searedphantasm/bookings/internal/repository/dbrepo/postgres.go:96.18,98.3 1 0
github.com/Searedphantasm/bookings/internal/repository/dbrepo/postgres.go:99.2,99.19 1 0
github.com/Searedphantasm/bookings/internal/repository/dbrepo/postgres.go:103.101,120.16 6 0
github.com/Searedphantasm/bookings/internal/repository/dbrepo/postgres.go:120.16,122.3 1 0
github.com/Searedphantasm/bookings/internal/repository/dbrepo/postgres.go:124.2,124.18 1 0
github.com/Searedphantasm/bookings/internal/repository/dbrepo/postgres.go:124.18,130.17 3 0
github.com/Searedphantasm/bookings/internal/repository/dbrepo/postgres.go:130.17,132.4 1 0
github.com/Searedphantasm/bookings/internal/repository/dbrepo/postgres.go:133.3,133.30 1 0
github.com/Searedphantasm/bookings/internal/repository/dbrepo/postgres.go:136.2,136.34 1 0
github.com/Searedphantasm/bookings/internal/repository/dbrepo/postgres.go:136.34,138.3 1 0
github.com/Searedphantasm/bookings/internal/repository/dbrepo/postgres.go:140.2,140.19 1 0
github.com/Searedphantasm/bookings/internal/repository/dbrepo/postgres.go:144.67,162.16 7 0
github.com/Searedphantasm/bookings/internal/repository/dbrepo/postgres.go:162.16,164.3 1 0
github.com/Searedphantasm/bookings/internal/repository/dbrepo/postgres.go:166.2,166.18 1 0
github.com/Searedphantasm/bookings/internal/repository/dbrepo/postgres.go:171.67,192.16 7 0
github.com/Searedphantasm/bookings/internal/repository/dbrepo/postgres.go:192.16,194.3 1 0
github.com/Searedphantasm/bookings/internal/repository/dbrepo/postgres.go:196.2,196.15 1 0
github.com/Searedphantasm/bookings/internal/repository/dbrepo/postgres.go:200.58,214.16 5 0
github.com/Searedphantasm/bookings/internal/repository/dbrepo/postgres.go:214.16,216.3 1 0
github.com/Searedphantasm/bookings/internal/repository/dbrepo/postgres.go:218.2,218.12 1 0
github.com/Searedphantasm/bookings/internal/repository/dbrepo/postgres.go:222.88,231.16 7 0
github.com/Searedphantasm/bookings/internal/repository/dbrepo/postgres.go:231.16,233.3 1 0
github.com/Searedphantasm/bookings/internal/repository/dbrepo/postgres.go:235.2,236.57 2 0
github.com/Searedphantasm/bookings/internal/repository/dbrepo/postgres.go:236.57,238.3 1 0
github.com/Searedphantasm/bookings/internal/repository/dbrepo/postgres.go:238.8,238.23 1 0
github.com/Searedphantasm/bookings/internal/repository/dbrepo/postgres.go:238.23,240.3 1 0
github.com/Searedphantasm/bookings/internal/repository/dbrepo/postgres.go:242.2,242.32 1 0
github.com/Searedphantasm/bookings/internal/repository/dbrepo/postgres.go:246.74,262.16 6 0
github.com/Searedphantasm/bookings/internal/repository/dbrepo/postgres.go:262.16,264.3 1 0
github.com/Searedphantasm/bookings/internal/repository/dbrepo/postgres.go:265.2,265.29 1 0
github.com/Searedphantasm/bookings/internal/repository/dbrepo/postgres.go:265.29,267.17 2 0
github.com/Searedphantasm/bookings/internal/repository/dbrepo/postgres.go:267.17,269.4 1 0
github.com/Searedphantasm/bookings/internal/repository/dbrepo/postgres.go:272.2,272.18 1 0
github.com/Searedphantasm/bookings/internal/repository/dbrepo/postgres.go:272.18,290.17 3 0
github.com/Searedphantasm/bookings/internal/repository/dbrepo/postgres.go:290.17,292.4 1 0
github.com/Searedphantasm/bookings/internal/repository/dbrepo/postgres.go:293.3,293.51 1 0
github.com/Searedphantasm/bookings/internal/repository/dbrepo/postgres.go:296.2,296.34 1 0
github.com/Searedphantasm/bookings/internal/repository/dbrepo/postgres.go:296.34,298.3 1 0
github.com/Searedphantasm/bookings/internal/repository/dbrepo/postgres.go:300.2,300.26 1 0
github.com/Searedphantasm/bookings/internal/repository/dbrepo/postgres.go:304.77,321.16 6 0
github.com/Searedphantasm/bookings/internal/repository/dbrepo/postgres.go:321.16,323.3 1 0
github.com/Searedphantasm/bookings/internal/repository/dbrepo/postgres.go:324.2,324.29 1 0
github.com/Searedphantasm/bookings/internal/repository/dbrepo/postgres.go:324.29,326.17 2 0
github.com/Searedphantasm/bookings/internal/repository/dbrepo/postgres.go:326.17,328.4 1 0
github.com/Searedphantasm/bookings/internal/repository/dbrepo/postgres.go:331.2,331.18 1 0
github.com/Searedphantasm/bookings/internal/repository/dbrepo/postgres.go:331.18,349.17 3 0
github.com/Searedphantasm/bookings/internal/repository/dbrepo/postgres.go:349.17,351.4 1 0
github.com/Searedphantasm/bookings/internal/repository/dbrepo/postgres.go:352.3,352.51 1 0
github.com/Searedphantasm/bookings/internal/repository/dbrepo/postgres.go:355.2,355.34 1 0
github.com/Searedphantasm/bookings/internal/repository/dbrepo/postgres.go:355.34,357.3 1 0
github.com/Searedphantasm/bookings/internal/repository/dbrepo/postgres.go:359.2,359.26 1 0
github.com/Searedphantasm/bookings/internal/repository/dbrepo/postgres.go:363.81,394.16 7 0
github.com/Searedphantasm/bookings/internal/repository/dbrepo/postgres.go:394.16,396.3 1 0
github.com/Searedphantasm/bookings/internal/repository/dbrepo/postgres.go:398.2,398.25 1 0
github.com/Searedphantasm/bookings/internal/repository/dbrepo/postgres.go:402.74,418.16 5 0
github.com/Searedphantasm/bookings/internal/repository/dbrepo/postgres.go:418.16,420.3 1 0
github.com/Searedphantasm/bookings/internal/repository/dbrepo/postgres.go:422.2,422.12 1 0
github.com/Searedphantasm/bookings/internal/repository/dbrepo/postgres.go:426.62,433.16 5 0
github.com/Searedphantasm/bookings/internal/repository/dbrepo/postgres.go:433.16,435.3 1 0
github.com/Searedphantasm/bookings/internal/repository/dbrepo/postgres.go:437.2,437.12 1 0
github.com/Searedphantasm/bookings/internal/repository/dbrepo/postgres.go:441.81,448.16 5 0
github.com/Searedphantasm/bookings/internal/repository/dbrepo/postgres.go:448.16,450.3 1 0
github.com/Searedphantasm/bookings/internal/repository/dbrepo/postgres.go:452.2,452.12 1 0
github.com/Searedphantasm/bookings/internal/repository/dbrepo/postgres.go:455.60,464.16 6 0
github.com/Searedphantasm/bookings/internal/repository/dbrepo/postgres.go:464.16,466.3 1 0
github.com/Searedphantasm/bookings/internal/repository/dbrepo/postgres.go:467.2,469.18 2 0
github.com/Searedphantasm/bookings/internal/repository/dbrepo/postgres.go:469.18,477.17 3 0
github.com/Searedphantasm/bookings/internal/repository/dbrepo/postgres.go:477.17,479.4 1 0
github.com/Searedphantasm/bookings/internal/repository/dbrepo/postgres.go:481.3,481.30 1 0
github.com/Searedphantasm/bookings/internal/repository/dbrepo/postgres.go:484.2,484.34 1 0
github.com/Searedphantasm/bookings/internal/repository/dbrepo/postgres.go:484.34,486.3 1 0
github.com/Searedphantasm/bookings/internal/repository/dbrepo/postgres.go:488.2,488.19 1 0
github.com/Searedphantasm/bookings/internal/repository/dbrepo/postgres.go:492.123,504.16 6 0
github.com/Searedphantasm/bookings/internal/repository/dbrepo/postgres.go:504.16,506.3 1 0
github.com/Searedphantasm/bookings/internal/repository/dbrepo/postgres.go:507.2,509.18 2 0
github.com/Searedphantasm/bookings/internal/repository/dbrepo/postgres.go:509.18,520.17 3 0
github.com/Searedphantasm/bookings/internal/repository/dbrepo/postgres.go:520.17,522.4 1 0
github.com/Searedphantasm/bookings/internal/repository/dbrepo/postgres.go:523.3,523.51 1 0
github.com/Searedphantasm/bookings/internal/repository/dbrepo/postgres.go:526.2,526.34 1 0
github.com/Searedphantasm/bookings/internal/repository/dbrepo/postgres.go:526.34,528.3 1 0
github.com/Searedphantasm/bookings/internal/repository/dbrepo/postgres.go:530.2,530.26 1 0
github.com/Searedphantasm/bookings/internal/repository/dbrepo/postgres.go:534.80,542.16 5 0
github.com/Searedphantasm/bookings/internal/repository/dbrepo/postgres.go:542.16,545.3 2 0
github.com/Searedphantasm/bookings/internal/repository/dbrepo/postgres.go:546.2,546.12 1 0
github.com/Searedphantasm/bookings/internal/repository/dbrepo/postgres.go:550.56,557.16 5 0
github.com/Searedphantasm/bookings/internal/repository/dbrepo/postgres.go:557.16,560.3 2 0
github.com/Searedphantasm/bookings/internal/repository/dbrepo/postgres.go:561.2,561.12 1 0
github.com/Searedphantasm/bookings/internal/repository/dbrepo/test-repo.go:10.38,12.2 1 0
github.com/Searedphantasm/bookings/internal/repository/dbrepo/test-repo.go:15.77,17.21 1 0
github.com/Searedphantasm/bookings/internal/repository/dbrepo/test-repo.go:17.21,19.3 1 0
github.com/Searedphantasm/bookings/internal/repository/dbrepo/test-repo.go:20.2,20.15 1 0
github.com/Searedphantasm/bookings/internal/repository/dbrepo/test-repo.go:24.76,25.22 1 0
github.com/Searedphantasm/bookings/internal/repository/dbrepo/test-repo.go:25.22,27.3 1 0
github.com/Searedphantasm/bookings/internal/repository/dbrepo/test-repo.go:28.2,28.12 1 0
github.com/Searedphantasm/bookings/internal/repository/dbrepo/test-repo.go:32.104,37.16 4 0
github.com/Searedphantasm/bookings/internal/repository/dbrepo/test-repo.go:37.16,39.3 1 0
github.com/Searedphantasm/bookings/internal/repository/dbrepo/test-repo.go:42.2,43.16 2 0
github.com/Searedphantasm/bookings/internal/repository/dbrepo/test-repo.go:43.16,45.3 1 0
github.com/Searedphantasm/bookings/internal/repository/dbrepo/test-repo.go:47.2,47.29 1 0
github.com/Searedphantasm/bookings/internal/repository/dbrepo/test-repo.go:47.29,49.3 1 0
github.com/Searedphantasm/bookings/internal/repository/dbrepo/test-repo.go:53.2,53.20 1 0
github.com/Searedphantasm/bookings/internal/repository/dbrepo/test-repo.go:53.20,55.3 1 0
github.com/Searedphantasm/bookings/internal/repository/dbrepo/test-repo.go:58.2,58.18 1 0
github.com/Searedphantasm/bookings/internal/repository/dbrepo/test-repo.go:62.97,70.16 5 0
github.com/Searedphantasm/bookings/internal/repository/dbrepo/test-repo.go:70.16,72.3 1 0
github.com/Searedphantasm/bookings/internal/repository/dbrepo/test-repo.go:74.2,75.16 2 0
github.com/Searedphantasm/bookings/internal/repository/dbrepo/test-repo.go:75.16,77.3 1 0
github.com/Searedphantasm/bookings/internal/repository/dbrepo/test-repo.go:79.2,79.29 1 0
github.com/Searedphantasm/bookings/internal/repository/dbrepo/test-repo.go:79.29,81.3 1 0
github.com/Searedphantasm/bookings/internal/repository/dbrepo/test-repo.go:83.2,83.20 1 0
github.com/Searedphantasm/bookings/internal/repository/dbrepo/test-repo.go:83.20,85.3 1 0
github.com/Searedphantasm/bookings/internal/repository/dbrepo/test-repo.go:89.2,94.19 3 0
github.com/Searedphantasm/bookings/internal/repository/dbrepo/test-repo.go:98.63,100.12 2 0
github.com/Searedphantasm/bookings/internal/repository/dbrepo/test-repo.go:100.12,102.3 1 0
github.com/Searedphantasm/bookings/internal/repository/dbrepo/test-repo.go:103.2,103.18 1 0
github.com/Searedphantasm/bookings/internal/repository/dbrepo/test-repo.go:106.63,110.2 2 0
github.com/Searedphantasm/bookings/internal/repository/dbrepo/test-repo.go:112.84,113.27 1 0
github.com/Searedphantasm/bookings/internal/repository/dbrepo/test-repo.go:113.27,115.3 1 0
github.com/Searedphantasm/bookings/internal/repository/dbrepo/test-repo.go:116.2,116.40 1 0
github.com/Searedphantasm/bookings/internal/repository/dbrepo/test-repo.go:119.54,121.2 1 0
github.com/Searedphantasm/bookings/internal/repository/dbrepo/test-repo.go:123.70,128.2 2 0
github.com/Searedphantasm/bookings/internal/repository/dbrepo/test-repo.go:131.73,135.2 2 0
github.com/Searedphantasm/bookings/internal/repository/dbrepo/test-repo.go:138.77,142.2 2 0
github.com/Searedphantasm/bookings/internal/repository/dbrepo/test-repo.go:144.70,146.2 1 0
github.com/Searedphantasm/bookings/internal/repository/dbrepo/test-repo.go:149.58,151.2 1 0
github.com/Searedphantasm/bookings/internal/repository/dbrepo/test-repo.go:154.77,157.2 1 0
github.com/Searedphantasm/bookings/internal/repository/dbrepo/test-repo.go:159.56,163.2 2 0
github.com/Searedphantasm/bookings/internal/repository/dbrepo/test-repo.go:165.120,169.2 2 0
github.com/Searedphantasm/bookings/internal/repository/dbrepo/test-repo.go:172.76,175.2 1 0
github.com/Searedphantasm/bookings/internal/repository/dbrepo/test-repo.go:178.52,181.2 1 0
github.com/Searedphantasm/bookings/internal/forms/errors.go:6.44,8.2 1 1
github.com/Searedphantasm/bookings/internal/forms/errors.go:11.42,13.18 2 1
github.com/Searedphantasm/bookings/internal/forms/errors.go:13.18,15.3 1 1
github.com/Searedphantasm/bookings/internal/forms/errors.go:17.2,17.14 1 1
github.com/Searedphantasm/bookings/internal/forms/forms.go:17.29,19.2 1 1
github.com/Searedphantasm/bookings/internal/forms/forms.go:22.33,24.2 1 1
github.com/Searedphantasm/bookings/internal/forms/forms.go:27.43,28.31 1 1
github.com/Searedphantasm/bookings/internal/forms/forms.go:28.31,30.37 2 1
github.com/Searedphantasm/bookings/internal/forms/forms.go:30.37,32.4 1 1
github.com/Searedphantasm/bookings/internal/forms/forms.go:37.39,39.13 2 1
github.com/Searedphantasm/bookings/internal/forms/forms.go:39.13,41.3 1 1
github.com/Searedphantasm/bookings/internal/forms/forms.go:42.2,42.13 1 1
github.com/Searedphantasm/bookings/internal/forms/forms.go:46.57,48.21 2 1
github.com/Searedphantasm/bookings/internal/forms/forms.go:48.21,51.3 2 1
github.com/Searedphantasm/bookings/internal/forms/forms.go:52.2,52.13 1 1
github.com/Searedphantasm/bookings/internal/forms/forms.go:56.38,57.40 1 1
github.com/Searedphantasm/bookings/internal/forms/forms.go:57.40,59.3 1 1
github.com/Searedphantasm/bookings/internal/helpers/helpers.go:13.38,15.2 1 0
github.com/Searedphantasm/bookings/internal/helpers/helpers.go:17.53,20.2 2 0
github.com/Searedphantasm/bookings/internal/helpers/helpers.go:22.52,26.2 3 0
github.com/Searedphantasm/bookings/internal/helpers/helpers.go:28.44,31.2 2 0
github.com/Searedphantasm/bookings/internal/repository/dbrepo/dbrepo.go:19.81,24.2 1 0
github.com/Searedphantasm/bookings/internal/repository/dbrepo/dbrepo.go:26.66,30.2 1 0
github.com/Searedphantasm/bookings/internal/repository/dbrepo/postgres.go:13.42,15.2 1 0
github.com/Searedphantasm/bookings/internal/repository/dbrepo/postgres.go:18.81,40.16 6 0
github.com/Searedphantasm/bookings/internal/repository/dbrepo/postgres.go:40.16,42.3 1 0
github.com/Searedphantasm/bookings/internal/repository/dbrepo/postgres.go:44.2,44.19 1 0
github.com/Searedphantasm/bookings/internal/repository/dbrepo/postgres.go:48.81,65.16 5 0
github.com/Searedphantasm/bookings/internal/repository/dbrepo/postgres.go:65.16,67.3 1 0
github.com/Searedphantasm/bookings/internal/repository/dbrepo/postgres.go:69.2,69.12 1 0
github.com/Searedphantasm/bookings/internal/repository/dbrepo/postgres.go:73.108,92.16 7 0
github.com/Searedphantasm/bookings/internal/repository/dbrepo/postgres.go:92.16,94.3 1 0
github.com/Searedphantasm/bookings/internal/repository/dbrepo/postgres.go:96.2,96.18 1 0
github.com/Searedphantasm/bookings/internal/repository/dbrepo/postgres.go:96.18,98.3 1 0
github.com/Searedphantasm/bookings/internal/repository/dbrepo/postgres.go:99.2,99.19 1 0
github.com/Searedphantasm/bookings/internal/repository/dbrepo/postgres.go:103.101,120.16 6 0
github.com/Searedphantasm/bookings/internal/repository/dbrepo/postgres.go:120.16,122.3 1 0
github.com/Searedphantasm/bookings/internal/repository/dbrepo/postgres.go:124.2,124.18 1 0
github.com/Searedphantasm/bookings/internal/repository/dbrepo/postgres.go:124.18,130.17 3 0
github.com/Searedphantasm/bookings/internal/repository/dbrepo/postgres.go:130.17,132.4 1 0
github.com/Searedphantasm/bookings/internal/repository/dbrepo/postgres.go:133.3,133.30 1 0
github.com/Searedphantasm/bookings/internal/repository/dbrepo/postgres.go:136.2,136.34 1 0
github.com/Searedphantasm/bookings/internal/repository/dbrepo/postgres.go:136.34,138.3 1 0
github.com/Searedphantasm/bookings/internal/repository/dbrepo/postgres.go:140.2,140.19 1 0
github.com/Searedphantasm/bookings/internal/repository/dbrepo/postgres.go:144.67,162.16 7 0
github.com/Searedphantasm/bookings/internal/repository/dbrepo/postgres.go:162.16,164.3 1 0
github.com/Searedphantasm/bookings/internal/repository/dbrepo/postgres.go:166.2,166.18 1 0
github.com/Searedphantasm/bookings/internal/repository/dbrepo/postgres.go:171.67,192.16 7 0
github.com/Searedphantasm/bookings/internal/repository/dbrepo/postgres.go:192.16,194.3 1 0
github.com/Searedphantasm/bookings/internal/repository/dbrepo/postgres.go:196.2,196.15 1 0
github.com/Searedphantasm/bookings/internal/repository/dbrepo/postgres.go:200.58,214.16 5 0
github.com/Searedphantasm/bookings/internal/repository/dbrepo/postgres.go:214.16,216.3 1 0
github.com/Searedphantasm/bookings/internal/repository/dbrepo/postgres.go:218.2,218.12 1 0
github.com/Searedphantasm/bookings/internal/repository/dbrepo/postgres.go:222.88,231.16 7 0
github.com/Searedphantasm/bookings/internal/repository/dbrepo/postgres.go:231.16,233.3 1 0
github.com/Searedphantasm/bookings/internal/repository/dbrepo/postgres.go:235.2,236.57 2 0
github.com/Searedphantasm/bookings/internal/repository/dbrepo/postgres.go:236.57,238.3 1 0
github.com/Searedphantasm/bookings/internal/repository/dbrepo/postgres.go:238.8,238.23 1 0
github.com/Searedphantasm/bookings/internal/repository/dbrepo/postgres.go:238.23,240.3 1 0
github.com/Searedphantasm/bookings/internal/repository/dbrepo/postgres.go:242.2,242.32 1 0
github.com/Searedphantasm/bookings/internal/repository/dbrepo/postgres.go:246.74,262.16 6 0
github.com/Searedphantasm/bookings/internal/repository/dbrepo/postgres.go:262.16,264.3 1 0
github.com/Searedphantasm/bookings/internal/repository/dbrepo/postgres.go:265.2,265.29 1 0
github.com/Searedphantasm/bookings/internal/repository/dbrepo/postgres.go:265.29,267.17 2 0
github.com/Searedphantasm/bookings/internal/repository/dbrepo/postgres.go:267.17,269.4 1 0
github.com/Searedphantasm/bookings/internal/repository/dbrepo/postgres.go:272.2,272.18 1 0
github.com/Searedphantasm/bookings/internal/repository/dbrepo/postgres.go:272.18,290.17 3 0
github.com/Searedphantasm/bookings/internal/repository/dbrepo/postgres.go:290.17,292.4 1 0
github.com/Searedphantasm/bookings/internal/repository/dbrepo/postgres.go:293.3,293.51 1 0
github.com/Searedphantasm/bookings/internal/repository/dbrepo/postgres.go:296.2,296.34 1 0
github.com/Searedphantasm/bookings/internal/repository/dbrepo/postgres.go:296.34,298.3 1 0
github.com/Searedphantasm/bookings/internal/repository/dbrepo/postgres.go:300.2,300.26 1 0
github.com/Searedphantasm/bookings/internal/repository/dbrepo/postgres.go:304.77,321.16 6 0
github.com/Searedphantasm/bookings/internal/repository/dbrepo/postgres.go:321.16,323.3 1 0
github.com/Searedphantasm/bookings/internal/repository/dbrepo/postgres.go:324.2,324.29 1 0
github.com/Searedphantasm/bookings/internal/repository/dbrepo/postgres.go:324.29,326.17 2 0
github.com/Searedphantasm/bookings/internal/repository/dbrepo/postgres.go:326.17,328.4 1 0
github.com/Searedphantasm/bookings/internal/repository/dbrepo/postgres.go:331.2,331.18 1 0
github.com/Searedphantasm/bookings/internal/repository/dbrepo/postgres.go:331.18,349.17 3 0
github.com/Searedphantasm/bookings/internal/repository/dbrepo/postgres.go:349.17,351.4 1 0
github.com/Searedphantasm/bookings/internal/repository/dbrepo/postgres.go:352.3,352.51 1 0
github.com/Searedphantasm/bookings/internal/repository/dbrepo/postgres.go:355.2,355.34 1 0
github.com/Searedphantasm/bookings/internal/repository/dbrepo/postgres.go:355.34,357.3 1 0
github.com/Searedphantasm/bookings/internal/repository/dbrepo/postgres.go:359.2,359.26 1 0
github.com/Searedphantasm/bookings/internal/repository/dbrepo/postgres.go:363.81,394.16 7 0
github.com/Searedphantasm/bookings/internal/repository/dbrepo/postgres.go:394.16,396.3 1 0
github.com/Searedphantasm/bookings/internal/repository/dbrepo/postgres.go:398.2,398.25 1 0
github.com/Searedphantasm/bookings/internal/repository/dbrepo/postgres.go:402.74,418.16 5 0
github.com/Searedphantasm/bookings/internal/repository/dbrepo/postgres.go:418.16,420.3 1 0
github.com/Searedphantasm/bookings/internal/repository/dbrepo/postgres.go:422.2,422.12 1 0
github.com/Searedphantasm/bookings/internal/repository/dbrepo/postgres.go:426.62,433.16 5 0
github.com/Searedphantasm/bookings/internal/repository/dbrepo/postgres.go:433.16,435.3 1 0
github.com/Searedphantasm/bookings/internal/repository/dbrepo/postgres.go:437.2,437.12 1 0
github.com/Searedphantasm/bookings/internal/repository/dbrepo/postgres.go:441.81,448.16 5 0
github.com/Searedphantasm/bookings/internal/repository/dbrepo/postgres.go:448.16,450.3 1 0
github.com/Searedphantasm/bookings/internal/repository/dbrepo/postgres.go:452.2,452.12 1 0
github.com/Searedphantasm/bookings/internal/repository/dbrepo/postgres.go:455.60,464.16 6 0
github.com/Searedphantasm/bookings/internal/repository/dbrepo/postgres.go:464.16,466.3 1 0
github.com/Searedphantasm/bookings/internal/repository/dbrepo/postgres.go:467.2,469.18 2 0
github.com/Searedphantasm/bookings/internal/repository/dbrepo/postgres.go:469.18,477.17 3 0
github.com/Searedphantasm/bookings/internal/repository/dbrepo/postgres.go:477.17,479.4 1 0
github.com/Searedphantasm/bookings/internal/repository/dbrepo/postgres.go:481.3,481.30 1 0
github.com/Searedphantasm/bookings/internal/repository/dbrepo/postgres.go:484.2,484.34 1 0
github.com/Searedphantasm/bookings/internal/repository/dbrepo/postgres.go:484.34,486.3 1 0
github.com/Searedphantasm/bookings/internal/repository/dbrepo/postgres.go:488.2,488.19 1 0
github.com/Searedphantasm/bookings/internal/repository/dbrepo/postgres.go:492.123,504.16 6 0
github.com/Searedphantasm/bookings/internal/repository/dbrepo/postgres.go:504.16,506.3 1 0
github.com/Searedphantasm/bookings/internal/repository/dbrepo/postgres.go:507.2,509.18 2 0
github.com/Searedphantasm/bookings/internal/repository/dbrepo/postgres.go:509.18,520.17 3 0
github.com/Searedphantasm/bookings/internal/repository/dbrepo/postgres.go:520.17,522.4 1 0
github.com/Searedphantasm/bookings/internal/repository/dbrepo/postgres.go:523.3,523.51 1 0
github.com/Searedphantasm/bookings/internal/repository/dbrepo/postgres.go:526.2,526.34 1 0
github.com/Searedphantasm/bookings/internal/repository/dbrepo/postgres.go:526.34,528.3 1 0
github.com/Searedphantasm/bookings/internal/repository/dbrepo/postgres.go:530.2,530.26 1 0
github.com/Searedphantasm/bookings/internal/repository/dbrepo/postgres.go:534.80,542.16 5 0
github.com/Searedphantasm/bookings/internal/repository/dbrepo/postgres.go:542.16,545.3 2 0
github.com/Searedphantasm/bookings/internal/repository/dbrepo/postgres.go:546.2,546.12 1 0
github.com/Searedphantasm/bookings/internal/repository/dbrepo/postgres.go:550.56,557.16 5 0
github.com/Searedphantasm/bookings/internal/repository/dbrepo/postgres.go:557.16,560.3 2 0
github.com/Searedphantasm/bookings/internal/repository/dbrepo/postgres.go:561.2,561.12 1 0
github.com/Searedphantasm/bookings/internal/repository/dbrepo/test-repo.go:10.38,12.2 1 0
github.com/Searedphantasm/bookings/internal/repository/dbrepo/test-repo.go:15.77,17.21 1 0
github.com/Searedphantasm/bookings/internal/repository/dbrepo/test-repo.go:17.21,19.3 1 0
github.com/Searedphantasm/bookings/internal/repository/dbrepo/test-repo.go:20.2,20.15 1 0
github.com/Searedphantasm/bookings/internal/repository/dbrepo/test-repo.go:24.76,25.22 1 0
github.com/Searedphantasm/bookings/internal/repository/dbrepo/test-repo.go:25.22,27.3 1 0
github.com/Searedphantasm/bookings/internal/repository/dbrepo/test-repo.go:28.2,28.12 1 0
github.com/Searedphantasm/bookings/internal/repository/dbrepo/test-repo.go:32.104,37.16 4 0
github.com/Searedphantasm/bookings/internal/repository/dbrepo/test-repo.go:37.16,39.3 1 0
github.com/Searedphantasm/bookings/internal/repository/dbrepo/test-repo.go:42.2,43.16 2 0
github.com/Searedphantasm/bookings/internal/repository/dbrepo/test-repo.go:43.16,45.3 1 0
github.com/Searedphantasm/bookings/internal/repository/dbrepo/test-repo.go:47.2,47.29 1 0
github.com/Searedphantasm/bookings/internal/repository/dbrepo/test-repo.go:47.29,49.3 1 0
github.com/Searedphantasm/bookings/internal/repository/dbrepo/test-repo.go:53.2,53.20 1 0
github.com/Searedphantasm/bookings/internal/repository/dbrepo/test-repo.go:53.20,55.3 1 0
github.com/Searedphantasm/bookings/internal/repository/dbrepo/test-repo.go:58.2,58.18 1 0
github.com/Searedphantasm/bookings/internal/repository/dbrepo/test-repo.go:62.97,70.16 5 0
github.com/Searedphantasm/bookings/internal/repository/dbrepo/test-repo.go:70.16,72.3 1 0
github.com/Searedphantasm/bookings/internal/repository/dbrepo/test-repo.go:74.2,75.16 2 0
github.com/Searedphantasm/bookings/internal/repository/dbrepo/test-repo.go:75.16,77.3 1 0
github.com/Searedphantasm/bookings/internal/repository/dbrepo/test-repo.go:79.2,79.29 1 0
github.com/Searedphantasm/bookings/internal/repository/dbrepo/test-repo.go:79.29,81.3 1 0
github.com/Searedphantasm/bookings/internal/repository/dbrepo/test-repo.go:83.2,83.20 1 0
github.com/Searedphantasm/bookings/internal/repository/dbrepo/test-repo.go:83.20,85.3 1 0
github.com/Searedphantasm/bookings/internal/repository/dbrepo/test-repo.go:89.2,94.19 3 0
github.com/Searedphantasm/bookings/internal/repository/dbrepo/test-repo.go:98.63,100.12 2 0
github.com/Searedphantasm/bookings/internal/repository/dbrepo/test-repo.go:100.12,102.3 1 0
github.com/Searedphantasm/bookings/internal/repository/dbrepo/test-repo.go:103.2,103.18 1 0
github.com/Searedphantasm/bookings/internal/repository/dbrepo/test-repo.go:106.63,110.2 2 0
github.com/Searedphantasm/bookings/internal/repository/dbrepo/test-repo.go:112.84,113.27 1 0
github.com/Searedphantasm/bookings/internal/repository/dbrepo/test-repo.go:113.27,115.3 1 0
github.com/Searedphantasm/bookings/internal/repository/dbrepo/test-repo.go:116.2,116.40 1 0
github.com/Searedphantasm/bookings/internal/repository/dbrepo/test-repo.go:119.54,121.2 1 0
github.com/Searedphantasm/bookings/internal/repository/dbrepo/test-repo.go:123.70,128.2 2 0
github.com/Searedphantasm/bookings/internal/repository/dbrepo/test-repo.go:131.73,135.2 2 0
github.com/Searedphantasm/bookings/internal/repository/dbrepo/test-repo.go:138.77,142.2 2 0
github.com/Searedphantasm/bookings/internal/repository/dbrepo/test-repo.go:144.70,146.2 1 0
github.com/Searedphantasm/bookings/internal/repository/dbrepo/test-repo.go:149.58,151.2 1 0
github.com/Searedphantasm/bookings/internal/repository/dbrepo/test-repo.go:154.77,157.2 1 0
github.com/Searedphantasm/bookings/internal/repository/dbrepo/test-repo.go:159.56,163.2 2 0
github.com/Searedphantasm/bookings/internal/repository/dbrepo/test-repo.go:165.120,169.2 2 0
github.com/Searedphantasm/bookings/internal/repository/dbrepo/test-repo.go:172.76,175.2 1 0
github.com/Searedphantasm/bookings/internal/repository/dbrepo/test-repo.go:178.52,181.2 1 0
github.com/Searedphantasm/bookings/internal/driver/driver.go:24.42,26.16 2 0
github.com/Searedphantasm/bookings/internal/driver/driver.go:26.16,27.13 1 0
github.com/Searedphantasm/bookings/internal/driver/driver.go:30.2,37.16 6 0
github.com/Searedphantasm/bookings/internal/driver/driver.go:37.16,39.3 1 0
github.com/Searedphantasm/bookings/internal/driver/driver.go:41.2,41.20 1 0
github.com/Searedphantasm/bookings/internal/driver/driver.go:45.30,47.16 2 0
github.com/Searedphantasm/bookings/internal/driver/driver.go:47.16,49.3 1 0
github.com/Searedphantasm/bookings/internal/driver/driver.go:50.2,50.12 1 0
github.com/Searedphantasm/bookings/internal/driver/driver.go:54.47,56.16 2 0
github.com/Searedphantasm/bookings/internal/driver/driver.go:56.16,58.3 1 0
github.com/Searedphantasm/bookings/internal/driver/driver.go:60.2,60.33 1 0
github.com/Searedphantasm/bookings/internal/driver/driver.go:60.33,62.3 1 0
github.com/Searedphantasm/bookings/internal/driver/driver.go:64.2,64.16 1 0
github.com/Searedphantasm/bookings/internal/handlers/handlers.go:32.62,37.2 1 1
github.com/Searedphantasm/bookings/internal/handlers/handlers.go:40.51,45.2 1 1
github.com/Searedphantasm/bookings/internal/handlers/handlers.go:48.33,50.2 1 1
github.com/Searedphantasm/bookings/internal/handlers/handlers.go:53.78,55.2 1 1
github.com/Searedphantasm/bookings/internal/handlers/handlers.go:58.79,60.2 1 1
github.com/Searedphantasm/bookings/internal/handlers/handlers.go:63.74,65.9 2 1
github.com/Searedphantasm/bookings/internal/handlers/handlers.go:65.9,69.3 3 1
github.com/Searedphantasm/bookings/internal/handlers/handlers.go:71.2,72.16 2 1
github.com/Searedphantasm/bookings/internal/handlers/handlers.go:72.16,76.3 3 1
github.com/Searedphantasm/bookings/internal/handlers/handlers.go:78.2,96.4 10 1
github.com/Searedphantasm/bookings/internal/handlers/handlers.go:100.78,102.16 2 1
github.com/Searedphantasm/bookings/internal/handlers/handlers.go:102.16,106.3 3 1
github.com/Searedphantasm/bookings/internal/handlers/handlers.go:108.2,116.16 5 1
github.com/Searedphantasm/bookings/internal/handlers/handlers.go:116.16,120.3 3 1
github.com/Searedphantasm/bookings/internal/handlers/handlers.go:122.2,123.16 2 1
github.com/Searedphantasm/bookings/internal/handlers/handlers.go:123.16,127.3 3 1
github.com/Searedphantasm/bookings/internal/handlers/handlers.go:129.2,130.16 2 1
github.com/Searedphantasm/bookings/internal/handlers/handlers.go:130.16,134.3 3 1
github.com/Searedphantasm/bookings/internal/handlers/handlers.go:136.2,152.19 6 1
github.com/Searedphantasm/bookings/internal/handlers/handlers.go:152.19,160.3 4 1
github.com/Searedphantasm/bookings/internal/handlers/handlers.go:162.2,163.16 2 1
github.com/Searedphantasm/bookings/internal/handlers/handlers.go:163.16,167.3 3 1
github.com/Searedphantasm/bookings/internal/handlers/handlers.go:169.2,178.16 3 1
github.com/Searedphantasm/bookings/internal/handlers/handlers.go:178.16,182.3 3 1
github.com/Searedphantasm/bookings/internal/handlers/handlers.go:185.2,218.66 8 1
github.com/Searedphantasm/bookings/internal/handlers/handlers.go:223.71,225.2 1 1
github.com/Searedphantasm/bookings/internal/handlers/handlers.go:228.69,230.2 1 1
github.com/Searedphantasm/bookings/internal/handlers/handlers.go:233.75,235.2 1 1
github.com/Searedphantasm/bookings/internal/handlers/handlers.go:238.79,240.16 2 1
github.com/Searedphantasm/bookings/internal/handlers/handlers.go:240.16,244.3 3 0
github.com/Searedphantasm/bookings/internal/handlers/handlers.go:246.2,251.16 5 1
github.com/Searedphantasm/bookings/internal/handlers/handlers.go:251.16,255.3 3 1
github.com/Searedphantasm/bookings/internal/handlers/handlers.go:256.2,257.16 2 0
github.com/Searedphantasm/bookings/internal/handlers/handlers.go:257.16,261.3 3 0
github.com/Searedphantasm/bookings/internal/handlers/handlers.go:263.2,264.16 2 0
github.com/Searedphantasm/bookings/internal/handlers/handlers.go:264.16,268.3 3 0
github.com/Searedphantasm/bookings/internal/handlers/handlers.go:270.2,270.21 1 0
github.com/Searedphantasm/bookings/internal/handlers/handlers.go:270.21,275.3 3 0
github.com/Searedphantasm/bookings/internal/handlers/handlers.go:277.2,289.4 5 0
github.com/Searedphantasm/bookings/internal/handlers/handlers.go:301.79,304.16 2 1
github.com/Searedphantasm/bookings/internal/handlers/handlers.go:304.16,315.3 5 1
github.com/Searedphantasm/bookings/internal/handlers/handlers.go:317.2,327.16 8 1
github.com/Searedphantasm/bookings/internal/handlers/handlers.go:327.16,338.3 5 0
github.com/Searedphantasm/bookings/internal/handlers/handlers.go:339.2,352.14 4 1
github.com/Searedphantasm/bookings/internal/handlers/handlers.go:357.70,359.2 1 1
github.com/Searedphantasm/bookings/internal/handlers/handlers.go:362.81,364.9 2 1
github.com/Searedphantasm/bookings/internal/handlers/handlers.go:364.9,368.3 3 1
github.com/Searedphantasm/bookings/internal/handlers/handlers.go:370.2,384.4 9 1
github.com/Searedphantasm/bookings/internal/handlers/handlers.go:388.73,402.16 3 1
github.com/Searedphantasm/bookings/internal/handlers/handlers.go:402.16,406.3 3 1
github.com/Searedphantasm/bookings/internal/handlers/handlers.go:408.2,409.9 2 1
github.com/Searedphantasm/bookings/internal/handlers/handlers.go:409.9,413.3 3 1
github.com/Searedphantasm/bookings/internal/handlers/handlers.go:415.2,419.63 3 1
github.com/Searedphantasm/bookings/internal/handlers/handlers.go:424.71,436.16 9 1
github.com/Searedphantasm/bookings/internal/handlers/handlers.go:436.16,440.3 3 1
github.com/Searedphantasm/bookings/internal/handlers/handlers.go:442.2,449.63 6 1
github.com/Searedphantasm/bookings/internal/handlers/handlers.go:453.72,457.2 1 1
github.com/Searedphantasm/bookings/internal/handlers/handlers.go:460.76,464.16 3 1
github.com/Searedphantasm/bookings/internal/handlers/handlers.go:464.16,466.3 1 0
github.com/Searedphantasm/bookings/internal/handlers/handlers.go:468.2,474.19 6 1
github.com/Searedphantasm/bookings/internal/handlers/handlers.go:474.19,480.3 2 1
github.com/Searedphantasm/bookings/internal/handlers/handlers.go:482.2,483.16 2 1
github.com/Searedphantasm/bookings/internal/handlers/handlers.go:483.16,489.3 4 1
github.com/Searedphantasm/bookings/internal/handlers/handlers.go:491.2,493.47 3 1
github.com/Searedphantasm/bookings/internal/handlers/handlers.go:498.69,503.2 3 1
github.com/Searedphantasm/bookings/internal/handlers/handlers.go:506.77,508.2 1 1
github.com/Searedphantasm/bookings/internal/handlers/handlers.go:511.83,514.16 2 1
github.com/Searedphantasm/bookings/internal/handlers/handlers.go:514.16,517.3 2 0
github.com/Searedphantasm/bookings/internal/handlers/handlers.go:519.2,524.4 3 1
github.com/Searedphantasm/bookings/internal/handlers/handlers.go:528.83,531.16 2 1
github.com/Searedphantasm/bookings/internal/handlers/handlers.go:531.16,534.3 2 0
github.com/Searedphantasm/bookings/internal/handlers/handlers.go:536.2,540.4 3 1
github.com/Searedphantasm/bookings/internal/handlers/handlers.go:544.84,548.16 3 1
github.com/Searedphantasm/bookings/internal/handlers/handlers.go:548.16,551.3 2 0
github.com/Searedphantasm/bookings/internal/handlers/handlers.go:553.2,566.16 9 1
github.com/Searedphantasm/bookings/internal/handlers/handlers.go:566.16,569.3 2 0
github.com/Searedphantasm/bookings/internal/handlers/handlers.go:571.2,578.4 3 1
github.com/Searedphantasm/bookings/internal/handlers/handlers.go:581.88,583.16 2 1
github.com/Searedphantasm/bookings/internal/handlers/handlers.go:583.16,587.3 3 0
github.com/Searedphantasm/bookings/internal/handlers/handlers.go:589.2,591.16 3 1
github.com/Searedphantasm/bookings/internal/handlers/handlers.go:591.16,594.3 2 0
github.com/Searedphantasm/bookings/internal/handlers/handlers.go:596.2,602.16 5 1
github.com/Searedphantasm/bookings/internal/handlers/handlers.go:602.16,605.3 2 0
github.com/Searedphantasm/bookings/internal/handlers/handlers.go:607.2,613.19 5 1
github.com/Searedphantasm/bookings/internal/handlers/handlers.go:613.19,623.3 4 0
github.com/Searedphantasm/bookings/internal/handlers/handlers.go:625.2,631.16 6 1
github.com/Searedphantasm/bookings/internal/handlers/handlers.go:631.16,634.3 2 0
github.com/Searedphantasm/bookings/internal/handlers/handlers.go:636.2,641.31 4 1
github.com/Searedphantasm/bookings/internal/handlers/handlers.go:641.31,643.3 1 1
github.com/Searedphantasm/bookings/internal/handlers/handlers.go:643.8,645.3 1 1
github.com/Searedphantasm/bookings/internal/handlers/handlers.go:650.88,654.34 2 1
github.com/Searedphantasm/bookings/internal/handlers/handlers.go:654.34,658.3 3 1
github.com/Searedphantasm/bookings/internal/handlers/handlers.go:660.2,691.16 23 1
github.com/Searedphantasm/bookings/internal/handlers/handlers.go:691.16,694.3 2 0
github.com/Searedphantasm/bookings/internal/handlers/handlers.go:696.2,698.26 2 1
github.com/Searedphantasm/bookings/internal/handlers/handlers.go:698.26,703.80 3 0
github.com/Searedphantasm/bookings/internal/handlers/handlers.go:703.80,706.4 2 0
github.com/Searedphantasm/bookings/internal/handlers/handlers.go:709.3,711.17 2 0
github.com/Searedphantasm/bookings/internal/handlers/handlers.go:711.17,714.4 2 0
github.com/Searedphantasm/bookings/internal/handlers/handlers.go:716.3,716.34 1 0
github.com/Searedphantasm/bookings/internal/handlers/handlers.go:716.34,718.27 1 0
github.com/Searedphantasm/bookings/internal/handlers/handlers.go:718.27,720.79 1 0
github.com/Searedphantasm/bookings/internal/handlers/handlers.go:720.79,723.6 1 0
github.com/Searedphantasm/bookings/internal/handlers/handlers.go:724.10,726.79 1 0
github.com/Searedphantasm/bookings/internal/handlers/handlers.go:726.79,728.6 1 0
github.com/Searedphantasm/bookings/internal/handlers/handlers.go:731.3,734.78 3 0
github.com/Searedphantasm/bookings/internal/handlers/handlers.go:737.2,741.4 1 1
github.com/Searedphantasm/bookings/internal/handlers/handlers.go:745.86,750.16 4 1
github.com/Searedphantasm/bookings/internal/handlers/handlers.go:750.16,753.3 2 0
github.com/Searedphantasm/bookings/internal/handlers/handlers.go:755.2,760.31 4 1
github.com/Searedphantasm/bookings/internal/handlers/handlers.go:760.31,762.3 1 1
github.com/Searedphantasm/bookings/internal/handlers/handlers.go:762.8,764.3 1 1
github.com/Searedphantasm/bookings/internal/handlers/handlers.go:768.85,777.31 7 1
github.com/Searedphantasm/bookings/internal/handlers/handlers.go:777.31,779.3 1 1
github.com/Searedphantasm/bookings/internal/handlers/handlers.go:779.8,781.3 1 1
github.com/Searedphantasm/bookings/internal/handlers/handlers.go:785.92,787.16 2 1
github.com/Searedphantasm/bookings/internal/handlers/handlers.go:787.16,790.3 2 0
github.com/Searedphantasm/bookings/internal/handlers/handlers.go:792.2,797.16 4 1
github.com/Searedphantasm/bookings/internal/handlers/handlers.go:797.16,800.3 2 0
github.com/Searedphantasm/bookings/internal/handlers/handlers.go:802.2,804.26 2 1
github.com/Searedphantasm/bookings/internal/handlers/handlers.go:804.26,808.35 2 0
github.com/Searedphantasm/bookings/internal/handlers/handlers.go:808.35,810.35 1 0
github.com/Searedphantasm/bookings/internal/handlers/handlers.go:810.35,813.16 1 0
github.com/Searedphantasm/bookings/internal/handlers/handlers.go:813.16,814.66 1 0
github.com/Searedphantasm/bookings/internal/handlers/handlers.go:814.66,817.21 2 0
github.com/Searedphantasm/bookings/internal/handlers/handlers.go:817.21,819.8 1 0
github.com/Searedphantasm/bookings/internal/handlers/handlers.go:828.2,828.34 1 1
github.com/Searedphantasm/bookings/internal/handlers/handlers.go:828.34,829.43 1 1
github.com/Searedphantasm/bookings/internal/handlers/handlers.go:829.43,835.18 5 1
github.com/Searedphantasm/bookings/internal/handlers/handlers.go:835.18,837.5 1 0
github.com/Searedphantasm/bookings/internal/handlers/handlers.go:841.2,842.110 2 1
github.com/Searedphantasm/bookings/internal/helpers/helpers.go:13.38,15.2 1 0
github.com/Searedphantasm/bookings/internal/helpers/helpers.go:17.53,20.2 2 0
github.com/Searedphantasm/bookings/internal/helpers/helpers.go:22.52,26.2 3 0
github.com/Searedphantasm/bookings/internal/helpers/helpers.go:28.44,31.2 2 0
github.com/Searedphantasm/bookings/internal/repository/dbrepo/dbrepo.go:19.81,24.2 1 1
github.com/Searedphantasm/bookings/internal/repository/dbrepo/dbrepo.go:26.66,30.2 1 1
github.com/Searedphantasm/bookings/internal/repository/dbrepo/postgres.go:13.42,15.2 1 0
github.com/Searedphantasm/bookings/internal/repository/dbrepo/postgres.go:18.81,40.16 6 0
github.com/Searedphantasm/bookings/internal/repository/dbrepo/postgres.go:40.16,42.3 1 0
github.com/Searedphantasm/bookings/internal/repository/dbrepo/postgres.go:44.2,44.19 1 0
github.com/Searedphantasm/bookings/internal/repository/dbrepo/postgres.go:48.81,65.16 5 0
github.com/Searedphantasm/bookings/internal/repository/dbrepo/postgres.go:65.16,67.3 1 0
github.com/Searedphantasm/bookings/internal/repository/dbrepo/postgres.go:69.2,69.12 1 0
github.com/Searedphantasm/bookings/internal/repository/dbrepo/postgres.go:73.108,92.16 7 0
github.com/Searedphantasm/bookings/internal/repository/dbrepo/postgres.go:92.16,94.3 1 0
github.com/Searedphantasm/bookings/internal/repository/dbrepo/postgres.go:96.2,96.18 1 0
github.com/Searedphantasm/bookings/internal/repository/dbrepo/postgres.go:96.18,98.3 1 0
github.com/Searedphantasm/bookings/internal/repository/dbrepo/postgres.go:99.2,99.19 1 0
github.com/Searedphantasm/bookings/internal/repository/dbrepo/postgres.go:103.101,120.16 6 0
github.com/Searedphantasm/bookings/internal/repository/dbrepo/postgres.go:120.16,122.3 1 0
github.com/Searedphantasm/bookings/internal/repository/dbrepo/postgres.go:124.2,124.18 1 0
github.com/Searedphantasm/bookings/internal/repository/dbrepo/postgres.go:124.18,130.17 3 0
github.com/Searedphantasm/bookings/internal/repository/dbrepo/postgres.go:130.17,132.4 1 0
github.com/Searedphantasm/bookings/internal/repository/dbrepo/postgres.go:133.3,133.30 1 0
github.com/Searedphantasm/bookings/internal/repository/dbrepo/postgres.go:136.2,136.34 1 0
github.com/Searedphantasm/bookings/internal/repository/dbrepo/postgres.go:136.34,138.3 1 0
github.com/Searedphantasm/bookings/internal/repository/dbrepo/postgres.go:140.2,140.19 1 0
github.com/Searedphantasm/bookings/internal/repository/dbrepo/postgres.go:144.67,162.16 7 0
github.com/Searedphantasm/bookings/internal/repository/dbrepo/postgres.go:162.16,164.3 1 0
github.com/Searedphantasm/bookings/internal/repository/dbrepo/postgres.go:166.2,166.18 1 0
github.com/Searedphantasm/bookings/internal/repository/dbrepo/postgres.go:171.67,192.16 7 0
github.com/Searedphantasm/bookings/internal/repository/dbrepo/postgres.go:192.16,194.3 1 0
github.com/Searedphantasm/bookings/internal/repository/dbrepo/postgres.go:196.2,196.15 1 0
github.com/Searedphantasm/bookings/internal/repository/dbrepo/postgres.go:200.58,214.16 5 0
github.com/Searedphantasm/bookings/internal/repository/dbrepo/postgres.go:214.16,216.3 1 0
github.com/Searedphantasm/bookings/internal/repository/dbrepo/postgres.go:218.2,218.12 1 0
github.com/Searedphantasm/bookings/internal/repository/dbrepo/postgres.go:222.88,231.16 7 0
github.com/Searedphantasm/bookings/internal/repository/dbrepo/postgres.go:231.16,233.3 1 0
github.com/Searedphantasm/bookings/internal/repository/dbrepo/postgres.go:235.2,236.57 2 0
github.com/Searedphantasm/bookings/internal/repository/dbrepo/postgres.go:236.57,238.3 1 0
github.com/Searedphantasm/bookings/internal/repository/dbrepo/postgres.go:238.8,238.23 1 0
github.com/Searedphantasm/bookings/internal/repository/dbrepo/postgres.go:238.23,240.3 1 0
github.com/Searedphantasm/bookings/internal/repository/dbrepo/postgres.go:242.2,242.32 1 0
github.com/Searedphantasm/bookings/internal/repository/dbrepo/postgres.go:246.74,262.16 6 0
github.com/Searedphantasm/bookings/internal/repository/dbrepo/postgres.go:262.16,264.3 1 0
github.com/Searedphantasm/bookings/internal/repository/dbrepo/postgres.go:265.2,265.29 1 0
github.com/Searedphantasm/bookings/internal/repository/dbrepo/postgres.go:265.29,267.17 2 0
github.com/Searedphantasm/bookings/internal/repository/dbrepo/postgres.go:267.17,269.4 1 0
github.com/Searedphantasm/bookings/internal/repository/dbrepo/postgres.go:272.2,272.18 1 0
github.com/Searedphantasm/bookings/internal/repository/dbrepo/postgres.go:272.18,290.17 3 0
github.com/Searedphantasm/bookings/internal/repository/dbrepo/postgres.go:290.17,292.4 1 0
github.com/Searedphantasm/bookings/internal/repository/dbrepo/postgres.go:293.3,293.51 1 0
github.com/Searedphantasm/bookings/internal/repository/dbrepo/postgres.go:296.2,296.34 1 0
github.com/Searedphantasm/bookings/internal/repository/dbrepo/postgres.go:296.34,298.3 1 0
github.com/Searedphantasm/bookings/internal/repository/dbrepo/postgres.go:300.2,300.26 1 0
github.com/Searedphantasm/bookings/internal/repository/dbrepo/postgres.go:304.77,321.16 6 0
github.com/Searedphantasm/bookings/internal/repository/dbrepo/postgres.go:321.16,323.3 1 0
github.com/Searedphantasm/bookings/internal/repository/dbrepo/postgres.go:324.2,324.29 1 0
github.com/Searedphantasm/bookings/internal/repository/dbrepo/postgres.go:324.29,326.17 2 0
github.com/Searedphantasm/bookings/internal/repository/dbrepo/postgres.go:326.17,328.4 1 0
github.com/Searedphantasm/bookings/internal/repository/dbrepo/postgres.go:331.2,331.18 1 0
github.com/Searedphantasm/bookings/internal/repository/dbrepo/postgres.go:331.18,349.17 3 0
github.com/Searedphantasm/bookings/internal/repository/dbrepo/postgres.go:349.17,351.4 1 0
github.com/Searedphantasm/bookings/internal/repository/dbrepo/postgres.go:352.3,352.51 1 0
github.com/Searedphantasm/bookings/internal/repository/dbrepo/postgres.go:355.2,355.34 1 0
github.com/Searedphantasm/bookings/internal/repository/dbrepo/postgres.go:355.34,357.3 1 0
github.com/Searedphantasm/bookings/internal/repository/dbrepo/postgres.go:359.2,359.26 1 0
github.com/Searedphantasm/bookings/internal/repository/dbrepo/postgres.go:363.81,394.16 7 0
github.com/Searedphantasm/bookings/internal/repository/dbrepo/postgres.go:394.16,396.3 1 0
github.com/Searedphantasm/bookings/internal/repository/dbrepo/postgres.go:398.2,398.25 1 0
github.com/Searedphantasm/bookings/internal/repository/dbrepo/postgres.go:402.74,418.16 5 0
github.com/Searedphantasm/bookings/internal/repository/dbrepo/postgres.go:418.16,420.3 1 0
github.com/Searedphantasm/bookings/internal/repository/dbrepo/postgres.go:422.2,422.12 1 0
github.com/Searedphantasm/bookings/internal/repository/dbrepo/postgres.go:426.62,433.16 5 0
github.com/Searedphantasm/bookings/internal/repository/dbrepo/postgres.go:433.16,435.3 1 0
github.com/Searedphantasm/bookings/internal/repository/dbrepo/postgres.go:437.2,437.12 1 0
github.com/Searedphantasm/bookings/internal/repository/dbrepo/postgres.go:441.81,448.16 5 0
github.com/Searedphantasm/bookings/internal/repository/dbrepo/postgres.go:448.16,450.3 1 0
github.com/Searedphantasm/bookings/internal/repository/dbrepo/postgres.go:452.2,452.12 1 0
github.com/Searedphantasm/bookings/internal/repository/dbrepo/postgres.go:455.60,464.16 6 0
github.com/Searedphantasm/bookings/internal/repository/dbrepo/postgres.go:464.16,466.3 1 0
github.com/Searedphantasm/bookings/internal/repository/dbrepo/postgres.go:467.2,469.18 2 0
github.com/Searedphantasm/bookings/internal/repository/dbrepo/postgres.go:469.18,477.17 3 0
github.com/Searedphantasm/bookings/internal/repository/dbrepo/postgres.go:477.17,479.4 1 0
github.com/Searedphantasm/bookings/internal/repository/dbrepo/postgres.go:481.3,481.30 1 0
github.com/Searedphantasm/bookings/internal/repository/dbrepo/postgres.go:484.2,484.34 1 0
github.com/Searedphantasm/bookings/internal/repository/dbrepo/postgres.go:484.34,486.3 1 0
github.com/Searedphantasm/bookings/internal/repository/dbrepo/postgres.go:488.2,488.19 1 0
github.com/Searedphantasm/bookings/internal/repository/dbrepo/postgres.go:492.123,504.16 6 0
github.com/Searedphantasm/bookings/internal/repository/dbrepo/postgres.go:504.16,506.3 1 0
github.com/Searedphantasm/bookings/internal/repository/dbrepo/postgres.go:507.2,509.18 2 0
github.com/Searedphantasm/bookings/internal/repository/dbrepo/postgres.go:509.18,520.17 3 0
github.com/Searedphantasm/bookings/internal/repository/dbrepo/postgres.go:520.17,522.4 1 0
github.com/Searedphantasm/bookings/internal/repository/dbrepo/postgres.go:523.3,523.51 1 0
github.com/Searedphantasm/bookings/internal/repository/dbrepo/postgres.go:526.2,526.34 1 0
github.com/Searedphantasm/bookings/internal/repository/dbrepo/postgres.go:526.34,528.3 1 0
github.com/Searedphantasm/bookings/internal/repository/dbrepo/postgres.go:530.2,530.26 1 0
github.com/Searedphantasm/bookings/internal/repository/dbrepo/postgres.go:534.80,542.16 5 0
github.com/Searedphantasm/bookings/internal/repository/dbrepo/postgres.go:542.16,545.3 2 0
github.com/Searedphantasm/bookings/internal/repository/dbrepo/postgres.go:546.2,546.12 1 0
github.com/Searedphantasm/bookings/internal/repository/dbrepo/postgres.go:550.56,557.16 5 0
github.com/Searedphantasm/bookings/internal/repository/dbrepo/postgres.go:557.16,560.3 2 0
github.com/Searedphantasm/bookings/internal/repository/dbrepo/postgres.go:561.2,561.12 1 0
github.com/Searedphantasm/bookings/internal/repository/dbrepo/test-repo.go:10.38,12.2 1 0
github.com/Searedphantasm/bookings/internal/repository/dbrepo/test-repo.go:15.77,17.21 1 1
github.com/Searedphantasm/bookings/internal/repository/dbrepo/test-repo.go:17.21,19.3 1 1
github.com/Searedphantasm/bookings/internal/repository/dbrepo/test-repo.go:20.2,20.15 1 1
github.com/Searedphantasm/bookings/internal/repository/dbrepo/test-repo.go:24.76,25.22 1 1
github.com/Searedphantasm/bookings/internal/repository/dbrepo/test-repo.go:25.22,27.3 1 1
github.com/Searedphantasm/bookings/internal/repository/dbrepo/test-repo.go:28.2,28.12 1 1
github.com/Searedphantasm/bookings/internal/repository/dbrepo/test-repo.go:32.104,37.16 4 1
github.com/Searedphantasm/bookings/internal/repository/dbrepo/test-repo.go:37.16,39.3 1 0
github.com/Searedphantasm/bookings/internal/repository/dbrepo/test-repo.go:42.2,43.16 2 1
github.com/Searedphantasm/bookings/internal/repository/dbrepo/test-repo.go:43.16,45.3 1 0
github.com/Searedphantasm/bookings/internal/repository/dbrepo/test-repo.go:47.2,47.29 1 1
github.com/Searedphantasm/bookings/internal/repository/dbrepo/test-repo.go:47.29,49.3 1 0
github.com/Searedphantasm/bookings/internal/repository/dbrepo/test-repo.go:53.2,53.20 1 1
github.com/Searedphantasm/bookings/internal/repository/dbrepo/test-repo.go:53.20,55.3 1 0
github.com/Searedphantasm/bookings/internal/repository/dbrepo/test-repo.go:58.2,58.18 1 1
github.com/Searedphantasm/bookings/internal/repository/dbrepo/test-repo.go:62.97,70.16 5 0
github.com/Searedphantasm/bookings/internal/repository/dbrepo/test-repo.go:70.16,72.3 1 0
github.com/Searedphantasm/bookings/internal/repository/dbrepo/test-repo.go:74.2,75.16 2 0
github.com/Searedphantasm/bookings/internal/repository/dbrepo/test-repo.go:75.16,77.3 1 0
github.com/Searedphantasm/bookings/internal/repository/dbrepo/test-repo.go:79.2,79.29 1 0
github.com/Searedphantasm/bookings/internal/repository/dbrepo/test-repo.go:79.29,81.3 1 0
github.com/Searedphantasm/bookings/internal/repository/dbrepo/test-repo.go:83.2,83.20 1 0
github.com/Searedphantasm/bookings/internal/repository/dbrepo/test-repo.go:83.20,85.3 1 0
github.com/Searedphantasm/bookings/internal/repository/dbrepo/test-repo.go:89.2,94.19 3 0
github.com/Searedphantasm/bookings/internal/repository/dbrepo/test-repo.go:98.63,100.12 2 1
github.com/Searedphantasm/bookings/internal/repository/dbrepo/test-repo.go:100.12,102.3 1 1
github.com/Searedphantasm/bookings/internal/repository/dbrepo/test-repo.go:103.2,103.18 1 1
github.com/Searedphantasm/bookings/internal/repository/dbrepo/test-repo.go:106.63,110.2 2 0
github.com/Searedphantasm/bookings/internal/repository/dbrepo/test-repo.go:112.84,113.27 1 1
github.com/Searedphantasm/bookings/internal/repository/dbrepo/test-repo.go:113.27,115.3 1 1
github.com/Searedphantasm/bookings/internal/repository/dbrepo/test-repo.go:116.2,116.40 1 1
github.com/Searedphantasm/bookings/internal/repository/dbrepo/test-repo.go:119.54,121.2 1 0
github.com/Searedphantasm/bookings/internal/repository/dbrepo/test-repo.go:123.70,128.2 2 1
github.com/Searedphantasm/bookings/internal/repository/dbrepo/test-repo.go:131.73,135.2 2 1
github.com/Searedphantasm/bookings/internal/repository/dbrepo/test-repo.go:138.77,142.2 2 1
github.com/Searedphantasm/bookings/internal/repository/dbrepo/test-repo.go:144.70,146.2 1 1
github.com/Searedphantasm/bookings/internal/repository/dbrepo/test-repo.go:149.58,151.2 1 1
github.com/Searedphantasm/bookings/internal/repository/dbrepo/test-repo.go:154.77,157.2 1 1
github.com/Searedphantasm/bookings/internal/repository/dbrepo/test-repo.go:159.56,163.2 2 1
github.com/Searedphantasm/bookings/internal/repository/dbrepo/test-repo.go:165.120,169.2 2 0
github.com/Searedphantasm/bookings/internal/repository/dbrepo/test-repo.go:172.76,175.2 1 1
github.com/Searedphantasm/bookings/internal/repository/dbrepo/test-repo.go:178.52,181.2 1 0
github.com/Searedphantasm/bookings/internal/render/render.go:26.24,28.2 1 0
github.com/Searedphantasm/bookings/internal/render/render.go:31.31,34.28 3 0
github.com/Searedphantasm/bookings/internal/render/render.go:34.28,36.3 1 0
github.com/Searedphantasm/bookings/internal/render/render.go:37.2,37.14 1 0
github.com/Searedphantasm/bookings/internal/render/render.go:41.39,43.2 1 1
github.com/Searedphantasm/bookings/internal/render/render.go:46.36,48.2 1 0
github.com/Searedphantasm/bookings/internal/render/render.go:51.47,53.2 1 0
github.com/Searedphantasm/bookings/internal/render/render.go:56.90,62.54 5 1
github.com/Searedphantasm/bookings/internal/render/render.go:62.54,64.3 1 0
github.com/Searedphantasm/bookings/internal/render/render.go:65.2,65.11 1 1
github.com/Searedphantasm/bookings/internal/render/render.go:69.110,72.18 2 1
github.com/Searedphantasm/bookings/internal/render/render.go:72.18,74.3 1 1
github.com/Searedphantasm/bookings/internal/render/render.go:74.8,76.3 1 1
github.com/Searedphantasm/bookings/internal/render/render.go:79.2,80.9 2 1
github.com/Searedphantasm/bookings/internal/render/render.go:80.9,82.3 1 1
github.com/Searedphantasm/bookings/internal/render/render.go:84.2,90.16 4 1
github.com/Searedphantasm/bookings/internal/render/render.go:90.16,92.3 1 0
github.com/Searedphantasm/bookings/internal/render/render.go:95.2,96.16 2 1
github.com/Searedphantasm/bookings/internal/render/render.go:96.16,99.3 2 0
github.com/Searedphantasm/bookings/internal/render/render.go:101.2,101.12 1 1
github.com/Searedphantasm/bookings/internal/render/render.go:105.67,110.16 3 1
github.com/Searedphantasm/bookings/internal/render/render.go:110.16,112.3 1 0
github.com/Searedphantasm/bookings/internal/render/render.go:114.2,114.29 1 1
github.com/Searedphantasm/bookings/internal/render/render.go:114.29,117.17 3 1
github.com/Searedphantasm/bookings/internal/render/render.go:117.17,119.4 1 0
github.com/Searedphantasm/bookings/internal/render/render.go:121.3,122.17 2 1
github.com/Searedphantasm/bookings/internal/render/render.go:122.17,124.4 1 0
github.com/Searedphantasm/bookings/internal/render/render.go:126.3,126.23 1 1
github.com/Searedphantasm/bookings/internal/render/render.go:126.23,128.18 2 1
github.com/Searedphantasm/bookings/internal/render/render.go:128.18,130.5 1 0
github.com/Searedphantasm/bookings/internal/render/render.go:133.3,133.21 1 1
github.com/Searedphantasm/bookings/internal/render/render.go:136.2,136.21 1 1
