mode: set
github.com/Searedphantasm/bookings/cmd/web/main.go:28.13,30.16 2 0
github.com/Searedphantasm/bookings/cmd/web/main.go:30.16,32.3 1 0
github.com/Searedphantasm/bookings/cmd/web/main.go:33.2,33.26 1 0
github.com/Searedphantasm/bookings/cmd/web/main.go:33.26,35.17 2 0
github.com/Searedphantasm/bookings/cmd/web/main.go:35.17,37.4 1 0
github.com/Searedphantasm/bookings/cmd/web/main.go:40.2,45.16 5 0
github.com/Searedphantasm/bookings/cmd/web/main.go:45.16,47.3 1 0
github.com/Searedphantasm/bookings/cmd/web/main.go:49.2,56.16 4 0
github.com/Searedphantasm/bookings/cmd/web/main.go:59.32,88.16 20 1
github.com/Searedphantasm/bookings/cmd/web/main.go:88.16,90.3 1 0
github.com/Searedphantasm/bookings/cmd/web/main.go:91.2,94.16 3 1
github.com/Searedphantasm/bookings/cmd/web/main.go:94.16,97.3 2 0
github.com/Searedphantasm/bookings/cmd/web/main.go:99.2,107.16 7 1
github.com/Searedphantasm/bookings/cmd/web/middleware.go:9.45,19.2 3 1
github.com/Searedphantasm/bookings/cmd/web/middleware.go:22.50,24.2 1 1
github.com/Searedphantasm/bookings/cmd/web/routes.go:11.49,40.2 20 1
github.com/Searedphantasm/bookings/cmd/web/send-mail.go:3.23,5.2 0 0
github.com/Searedphantasm/bookings/internal/driver/driver.go:24.42,26.16 2 1
github.com/Searedphantasm/bookings/internal/driver/driver.go:26.16,27.13 1 0
github.com/Searedphantasm/bookings/internal/driver/driver.go:30.2,37.16 6 1
github.com/Searedphantasm/bookings/internal/driver/driver.go:37.16,39.3 1 0
github.com/Searedphantasm/bookings/internal/driver/driver.go:41.2,41.20 1 1
github.com/Searedphantasm/bookings/internal/driver/driver.go:45.30,47.16 2 1
github.com/Searedphantasm/bookings/internal/driver/driver.go:47.16,49.3 1 0
github.com/Searedphantasm/bookings/internal/driver/driver.go:50.2,50.12 1 1
github.com/Searedphantasm/bookings/internal/driver/driver.go:54.47,56.16 2 1
github.com/Searedphantasm/bookings/internal/driver/driver.go:56.16,58.3 1 0
github.com/Searedphantasm/bookings/internal/driver/driver.go:60.2,60.33 1 1
github.com/Searedphantasm/bookings/internal/driver/driver.go:60.33,62.3 1 0
github.com/Searedphantasm/bookings/internal/driver/driver.go:64.2,64.16 1 1
github.com/Searedphantasm/bookings/internal/helpers/helpers.go:13.38,15.2 1 1
github.com/Searedphantasm/bookings/internal/helpers/helpers.go:17.53,20.2 2 0
github.com/Searedphantasm/bookings/internal/helpers/helpers.go:22.52,26.2 3 0
github.com/Searedphantasm/bookings/internal/repository/dbrepo/dbrepo.go:19.81,24.2 1 1
github.com/Searedphantasm/bookings/internal/repository/dbrepo/dbrepo.go:26.66,30.2 1 0
github.com/Searedphantasm/bookings/internal/repository/dbrepo/postgres.go:9.42,11.2 1 0
github.com/Searedphantasm/bookings/internal/repository/dbrepo/postgres.go:14.81,36.16 6 0
github.com/Searedphantasm/bookings/internal/repository/dbrepo/postgres.go:36.16,38.3 1 0
github.com/Searedphantasm/bookings/internal/repository/dbrepo/postgres.go:40.2,40.19 1 0
github.com/Searedphantasm/bookings/internal/repository/dbrepo/postgres.go:44.81,61.16 5 0
github.com/Searedphantasm/bookings/internal/repository/dbrepo/postgres.go:61.16,63.3 1 0
github.com/Searedphantasm/bookings/internal/repository/dbrepo/postgres.go:65.2,65.12 1 0
github.com/Searedphantasm/bookings/internal/repository/dbrepo/postgres.go:69.108,88.16 7 0
github.com/Searedphantasm/bookings/internal/repository/dbrepo/postgres.go:88.16,90.3 1 0
github.com/Searedphantasm/bookings/internal/repository/dbrepo/postgres.go:92.2,92.18 1 0
github.com/Searedphantasm/bookings/internal/repository/dbrepo/postgres.go:92.18,94.3 1 0
github.com/Searedphantasm/bookings/internal/repository/dbrepo/postgres.go:95.2,95.19 1 0
github.com/Searedphantasm/bookings/internal/repository/dbrepo/postgres.go:99.101,116.16 6 0
github.com/Searedphantasm/bookings/internal/repository/dbrepo/postgres.go:116.16,118.3 1 0
github.com/Searedphantasm/bookings/internal/repository/dbrepo/postgres.go:120.2,120.18 1 0
github.com/Searedphantasm/bookings/internal/repository/dbrepo/postgres.go:120.18,126.17 3 0
github.com/Searedphantasm/bookings/internal/repository/dbrepo/postgres.go:126.17,128.4 1 0
github.com/Searedphantasm/bookings/internal/repository/dbrepo/postgres.go:129.3,129.30 1 0
github.com/Searedphantasm/bookings/internal/repository/dbrepo/postgres.go:132.2,132.34 1 0
github.com/Searedphantasm/bookings/internal/repository/dbrepo/postgres.go:132.34,134.3 1 0
github.com/Searedphantasm/bookings/internal/repository/dbrepo/postgres.go:136.2,136.19 1 0
github.com/Searedphantasm/bookings/internal/repository/dbrepo/postgres.go:140.67,158.16 7 0
github.com/Searedphantasm/bookings/internal/repository/dbrepo/postgres.go:158.16,160.3 1 0
github.com/Searedphantasm/bookings/internal/repository/dbrepo/postgres.go:162.2,162.18 1 0
github.com/Searedphantasm/bookings/internal/repository/dbrepo/test-repo.go:10.38,12.2 1 0
github.com/Searedphantasm/bookings/internal/repository/dbrepo/test-repo.go:15.77,17.21 1 0
github.com/Searedphantasm/bookings/internal/repository/dbrepo/test-repo.go:17.21,19.3 1 0
github.com/Searedphantasm/bookings/internal/repository/dbrepo/test-repo.go:20.2,20.15 1 0
github.com/Searedphantasm/bookings/internal/repository/dbrepo/test-repo.go:24.76,25.22 1 0
github.com/Searedphantasm/bookings/internal/repository/dbrepo/test-repo.go:25.22,27.3 1 0
github.com/Searedphantasm/bookings/internal/repository/dbrepo/test-repo.go:28.2,28.12 1 0
github.com/Searedphantasm/bookings/internal/repository/dbrepo/test-repo.go:32.104,37.16 4 0
github.com/Searedphantasm/bookings/internal/repository/dbrepo/test-repo.go:37.16,39.3 1 0
github.com/Searedphantasm/bookings/internal/repository/dbrepo/test-repo.go:42.2,43.16 2 0
github.com/Searedphantasm/bookings/internal/repository/dbrepo/test-repo.go:43.16,45.3 1 0
github.com/Searedphantasm/bookings/internal/repository/dbrepo/test-repo.go:47.2,47.29 1 0
github.com/Searedphantasm/bookings/internal/repository/dbrepo/test-repo.go:47.29,49.3 1 0
github.com/Searedphantasm/bookings/internal/repository/dbrepo/test-repo.go:53.2,53.20 1 0
github.com/Searedphantasm/bookings/internal/repository/dbrepo/test-repo.go:53.20,55.3 1 0
github.com/Searedphantasm/bookings/internal/repository/dbrepo/test-repo.go:58.2,58.18 1 0
github.com/Searedphantasm/bookings/internal/repository/dbrepo/test-repo.go:62.97,70.16 5 0
github.com/Searedphantasm/bookings/internal/repository/dbrepo/test-repo.go:70.16,72.3 1 0
github.com/Searedphantasm/bookings/internal/repository/dbrepo/test-repo.go:74.2,75.16 2 0
github.com/Searedphantasm/bookings/internal/repository/dbrepo/test-repo.go:75.16,77.3 1 0
github.com/Searedphantasm/bookings/internal/repository/dbrepo/test-repo.go:79.2,79.29 1 0
github.com/Searedphantasm/bookings/internal/repository/dbrepo/test-repo.go:79.29,81.3 1 0
github.com/Searedphantasm/bookings/internal/repository/dbrepo/test-repo.go:83.2,83.20 1 0
github.com/Searedphantasm/bookings/internal/repository/dbrepo/test-repo.go:83.20,85.3 1 0
github.com/Searedphantasm/bookings/internal/repository/dbrepo/test-repo.go:89.2,94.19 3 0
github.com/Searedphantasm/bookings/internal/repository/dbrepo/test-repo.go:98.63,100.12 2 0
github.com/Searedphantasm/bookings/internal/repository/dbrepo/test-repo.go:100.12,102.3 1 0
github.com/Searedphantasm/bookings/internal/repository/dbrepo/test-repo.go:103.2,103.18 1 0
github.com/Searedphantasm/bookings/internal/driver/driver.go:24.42,26.16 2 0
github.com/Searedphantasm/bookings/internal/driver/driver.go:26.16,27.13 1 0
github.com/Searedphantasm/bookings/internal/driver/driver.go:30.2,37.16 6 0
github.com/Searedphantasm/bookings/internal/driver/driver.go:37.16,39.3 1 0
github.com/Searedphantasm/bookings/internal/driver/driver.go:41.2,41.20 1 0
github.com/Searedphantasm/bookings/internal/driver/driver.go:45.30,47.16 2 0
github.com/Searedphantasm/bookings/internal/driver/driver.go:47.16,49.3 1 0
github.com/Searedphantasm/bookings/internal/driver/driver.go:50.2,50.12 1 0
github.com/Searedphantasm/bookings/internal/driver/driver.go:54.47,56.16 2 0
github.com/Searedphantasm/bookings/internal/driver/driver.go:56.16,58.3 1 0
github.com/Searedphantasm/bookings/internal/driver/driver.go:60.2,60.33 1 0
github.com/Searedphantasm/bookings/internal/driver/driver.go:60.33,62.3 1 0
github.com/Searedphantasm/bookings/internal/driver/driver.go:64.2,64.16 1 0
github.com/Searedphantasm/bookings/internal/forms/errors.go:6.44,8.2 1 1
github.com/Searedphantasm/bookings/internal/forms/errors.go:11.42,13.18 2 1
github.com/Searedphantasm/bookings/internal/forms/errors.go:13.18,15.3 1 1
github.com/Searedphantasm/bookings/internal/forms/errors.go:17.2,17.14 1 1
github.com/Searedphantasm/bookings/internal/forms/forms.go:17.29,19.2 1 1
github.com/Searedphantasm/bookings/internal/forms/forms.go:22.33,24.2 1 1
github.com/Searedphantasm/bookings/internal/forms/forms.go:27.43,28.31 1 1
github.com/Searedphantasm/bookings/internal/forms/forms.go:28.31,30.37 2 1
github.com/Searedphantasm/bookings/internal/forms/forms.go:30.37,32.4 1 1
github.com/Searedphantasm/bookings/internal/forms/forms.go:37.39,39.13 2 1
github.com/Searedphantasm/bookings/internal/forms/forms.go:39.13,41.3 1 1
github.com/Searedphantasm/bookings/internal/forms/forms.go:42.2,42.13 1 1
github.com/Searedphantasm/bookings/internal/forms/forms.go:46.57,48.21 2 1
github.com/Searedphantasm/bookings/internal/forms/forms.go:48.21,51.3 2 1
github.com/Searedphantasm/bookings/internal/forms/forms.go:52.2,52.13 1 1
github.com/Searedphantasm/bookings/internal/forms/forms.go:56.38,57.40 1 1
github.com/Searedphantasm/bookings/internal/forms/forms.go:57.40,59.3 1 1
github.com/Searedphantasm/bookings/internal/helpers/helpers.go:13.38,15.2 1 0
github.com/Searedphantasm/bookings/internal/helpers/helpers.go:17.53,20.2 2 0
github.com/Searedphantasm/bookings/internal/helpers/helpers.go:22.52,26.2 3 0
github.com/Searedphantasm/bookings/internal/repository/dbrepo/dbrepo.go:19.81,24.2 1 0
github.com/Searedphantasm/bookings/internal/repository/dbrepo/dbrepo.go:26.66,30.2 1 0
github.com/Searedphantasm/bookings/internal/repository/dbrepo/postgres.go:9.42,11.2 1 0
github.com/Searedphantasm/bookings/internal/repository/dbrepo/postgres.go:14.81,36.16 6 0
github.com/Searedphantasm/bookings/internal/repository/dbrepo/postgres.go:36.16,38.3 1 0
github.com/Searedphantasm/bookings/internal/repository/dbrepo/postgres.go:40.2,40.19 1 0
github.com/Searedphantasm/bookings/internal/repository/dbrepo/postgres.go:44.81,61.16 5 0
github.com/Searedphantasm/bookings/internal/repository/dbrepo/postgres.go:61.16,63.3 1 0
github.com/Searedphantasm/bookings/internal/repository/dbrepo/postgres.go:65.2,65.12 1 0
github.com/Searedphantasm/bookings/internal/repository/dbrepo/postgres.go:69.108,88.16 7 0
github.com/Searedphantasm/bookings/internal/repository/dbrepo/postgres.go:88.16,90.3 1 0
github.com/Searedphantasm/bookings/internal/repository/dbrepo/postgres.go:92.2,92.18 1 0
github.com/Searedphantasm/bookings/internal/repository/dbrepo/postgres.go:92.18,94.3 1 0
github.com/Searedphantasm/bookings/internal/repository/dbrepo/postgres.go:95.2,95.19 1 0
github.com/Searedphantasm/bookings/internal/repository/dbrepo/postgres.go:99.101,116.16 6 0
github.com/Searedphantasm/bookings/internal/repository/dbrepo/postgres.go:116.16,118.3 1 0
github.com/Searedphantasm/bookings/internal/repository/dbrepo/postgres.go:120.2,120.18 1 0
github.com/Searedphantasm/bookings/internal/repository/dbrepo/postgres.go:120.18,126.17 3 0
github.com/Searedphantasm/bookings/internal/repository/dbrepo/postgres.go:126.17,128.4 1 0
github.com/Searedphantasm/bookings/internal/repository/dbrepo/postgres.go:129.3,129.30 1 0
github.com/Searedphantasm/bookings/internal/repository/dbrepo/postgres.go:132.2,132.34 1 0
github.com/Searedphantasm/bookings/internal/repository/dbrepo/postgres.go:132.34,134.3 1 0
github.com/Searedphantasm/bookings/internal/repository/dbrepo/postgres.go:136.2,136.19 1 0
github.com/Searedphantasm/bookings/internal/repository/dbrepo/postgres.go:140.67,158.16 7 0
github.com/Searedphantasm/bookings/internal/repository/dbrepo/postgres.go:158.16,160.3 1 0
github.com/Searedphantasm/bookings/internal/repository/dbrepo/postgres.go:162.2,162.18 1 0
github.com/Searedphantasm/bookings/internal/repository/dbrepo/test-repo.go:10.38,12.2 1 0
github.com/Searedphantasm/bookings/internal/repository/dbrepo/test-repo.go:15.77,17.21 1 0
github.com/Searedphantasm/bookings/internal/repository/dbrepo/test-repo.go:17.21,19.3 1 0
github.com/Searedphantasm/bookings/internal/repository/dbrepo/test-repo.go:20.2,20.15 1 0
github.com/Searedphantasm/bookings/internal/repository/dbrepo/test-repo.go:24.76,25.22 1 0
github.com/Searedphantasm/bookings/internal/repository/dbrepo/test-repo.go:25.22,27.3 1 0
github.com/Searedphantasm/bookings/internal/repository/dbrepo/test-repo.go:28.2,28.12 1 0
github.com/Searedphantasm/bookings/internal/repository/dbrepo/test-repo.go:32.104,37.16 4 0
github.com/Searedphantasm/bookings/internal/repository/dbrepo/test-repo.go:37.16,39.3 1 0
github.com/Searedphantasm/bookings/internal/repository/dbrepo/test-repo.go:42.2,43.16 2 0
github.com/Searedphantasm/bookings/internal/repository/dbrepo/test-repo.go:43.16,45.3 1 0
github.com/Searedphantasm/bookings/internal/repository/dbrepo/test-repo.go:47.2,47.29 1 0
github.com/Searedphantasm/bookings/internal/repository/dbrepo/test-repo.go:47.29,49.3 1 0
github.com/Searedphantasm/bookings/internal/repository/dbrepo/test-repo.go:53.2,53.20 1 0
github.com/Searedphantasm/bookings/internal/repository/dbrepo/test-repo.go:53.20,55.3 1 0
github.com/Searedphantasm/bookings/internal/repository/dbrepo/test-repo.go:58.2,58.18 1 0
github.com/Searedphantasm/bookings/internal/repository/dbrepo/test-repo.go:62.97,70.16 5 0
github.com/Searedphantasm/bookings/internal/repository/dbrepo/test-repo.go:70.16,72.3 1 0
github.com/Searedphantasm/bookings/internal/repository/dbrepo/test-repo.go:74.2,75.16 2 0
github.com/Searedphantasm/bookings/internal/repository/dbrepo/test-repo.go:75.16,77.3 1 0
github.com/Searedphantasm/bookings/internal/repository/dbrepo/test-repo.go:79.2,79.29 1 0
github.com/Searedphantasm/bookings/internal/repository/dbrepo/test-repo.go:79.29,81.3 1 0
github.com/Searedphantasm/bookings/internal/repository/dbrepo/test-repo.go:83.2,83.20 1 0
github.com/Searedphantasm/bookings/internal/repository/dbrepo/test-repo.go:83.20,85.3 1 0
github.com/Searedphantasm/bookings/internal/repository/dbrepo/test-repo.go:89.2,94.19 3 0
github.com/Searedphantasm/bookings/internal/repository/dbrepo/test-repo.go:98.63,100.12 2 0
github.com/Searedphantasm/bookings/internal/repository/dbrepo/test-repo.go:100.12,102.3 1 0
github.com/Searedphantasm/bookings/internal/repository/dbrepo/test-repo.go:103.2,103.18 1 0
github.com/Searedphantasm/bookings/internal/driver/driver.go:24.42,26.16 2 0
github.com/Searedphantasm/bookings/internal/driver/driver.go:26.16,27.13 1 0
github.com/Searedphantasm/bookings/internal/driver/driver.go:30.2,37.16 6 0
github.com/Searedphantasm/bookings/internal/driver/driver.go:37.16,39.3 1 0
github.com/Searedphantasm/bookings/internal/driver/driver.go:41.2,41.20 1 0
github.com/Searedphantasm/bookings/internal/driver/driver.go:45.30,47.16 2 0
github.com/Searedphantasm/bookings/internal/driver/driver.go:47.16,49.3 1 0
github.com/Searedphantasm/bookings/internal/driver/driver.go:50.2,50.12 1 0
github.com/Searedphantasm/bookings/internal/driver/driver.go:54.47,56.16 2 0
github.com/Searedphantasm/bookings/internal/driver/driver.go:56.16,58.3 1 0
github.com/Searedphantasm/bookings/internal/driver/driver.go:60.2,60.33 1 0
github.com/Searedphantasm/bookings/internal/driver/driver.go:60.33,62.3 1 0
github.com/Searedphantasm/bookings/internal/driver/driver.go:64.2,64.16 1 0
github.com/Searedphantasm/bookings/internal/handlers/handlers.go:28.62,33.2 1 1
github.com/Searedphantasm/bookings/internal/handlers/handlers.go:36.51,41.2 1 1
github.com/Searedphantasm/bookings/internal/handlers/handlers.go:44.33,46.2 1 1
github.com/Searedphantasm/bookings/internal/handlers/handlers.go:49.78,51.2 1 1
github.com/Searedphantasm/bookings/internal/handlers/handlers.go:54.79,56.2 1 1
github.com/Searedphantasm/bookings/internal/handlers/handlers.go:59.74,61.9 2 1
github.com/Searedphantasm/bookings/internal/handlers/handlers.go:61.9,65.3 3 1
github.com/Searedphantasm/bookings/internal/handlers/handlers.go:67.2,68.16 2 1
github.com/Searedphantasm/bookings/internal/handlers/handlers.go:68.16,72.3 3 1
github.com/Searedphantasm/bookings/internal/handlers/handlers.go:74.2,92.4 10 1
github.com/Searedphantasm/bookings/internal/handlers/handlers.go:96.78,98.16 2 1
github.com/Searedphantasm/bookings/internal/handlers/handlers.go:98.16,102.3 3 1
github.com/Searedphantasm/bookings/internal/handlers/handlers.go:104.2,112.16 5 1
github.com/Searedphantasm/bookings/internal/handlers/handlers.go:112.16,116.3 3 1
github.com/Searedphantasm/bookings/internal/handlers/handlers.go:118.2,119.16 2 1
github.com/Searedphantasm/bookings/internal/handlers/handlers.go:119.16,123.3 3 1
github.com/Searedphantasm/bookings/internal/handlers/handlers.go:125.2,126.16 2 1
github.com/Searedphantasm/bookings/internal/handlers/handlers.go:126.16,130.3 3 1
github.com/Searedphantasm/bookings/internal/handlers/handlers.go:132.2,148.19 6 1
github.com/Searedphantasm/bookings/internal/handlers/handlers.go:148.19,157.3 5 1
github.com/Searedphantasm/bookings/internal/handlers/handlers.go:159.2,160.16 2 1
github.com/Searedphantasm/bookings/internal/handlers/handlers.go:160.16,164.3 3 0
github.com/Searedphantasm/bookings/internal/handlers/handlers.go:166.2,175.16 3 1
github.com/Searedphantasm/bookings/internal/handlers/handlers.go:175.16,179.3 3 1
github.com/Searedphantasm/bookings/internal/handlers/handlers.go:181.2,183.66 2 1
github.com/Searedphantasm/bookings/internal/handlers/handlers.go:188.71,190.2 1 1
github.com/Searedphantasm/bookings/internal/handlers/handlers.go:193.69,195.2 1 1
github.com/Searedphantasm/bookings/internal/handlers/handlers.go:198.75,200.2 1 1
github.com/Searedphantasm/bookings/internal/handlers/handlers.go:203.79,205.16 2 1
github.com/Searedphantasm/bookings/internal/handlers/handlers.go:205.16,209.3 3 1
github.com/Searedphantasm/bookings/internal/handlers/handlers.go:211.2,216.16 5 1
github.com/Searedphantasm/bookings/internal/handlers/handlers.go:216.16,220.3 3 1
github.com/Searedphantasm/bookings/internal/handlers/handlers.go:221.2,222.16 2 1
github.com/Searedphantasm/bookings/internal/handlers/handlers.go:222.16,226.3 3 0
github.com/Searedphantasm/bookings/internal/handlers/handlers.go:228.2,229.16 2 1
github.com/Searedphantasm/bookings/internal/handlers/handlers.go:229.16,233.3 3 0
github.com/Searedphantasm/bookings/internal/handlers/handlers.go:235.2,235.21 1 1
github.com/Searedphantasm/bookings/internal/handlers/handlers.go:235.21,240.3 3 1
github.com/Searedphantasm/bookings/internal/handlers/handlers.go:242.2,254.4 5 1
github.com/Searedphantasm/bookings/internal/handlers/handlers.go:266.79,269.16 2 1
github.com/Searedphantasm/bookings/internal/handlers/handlers.go:269.16,280.3 5 1
github.com/Searedphantasm/bookings/internal/handlers/handlers.go:282.2,292.16 8 1
github.com/Searedphantasm/bookings/internal/handlers/handlers.go:292.16,303.3 5 1
github.com/Searedphantasm/bookings/internal/handlers/handlers.go:304.2,317.14 4 1
github.com/Searedphantasm/bookings/internal/handlers/handlers.go:322.70,324.2 1 1
github.com/Searedphantasm/bookings/internal/handlers/handlers.go:327.81,329.9 2 1
github.com/Searedphantasm/bookings/internal/handlers/handlers.go:329.9,333.3 3 1
github.com/Searedphantasm/bookings/internal/handlers/handlers.go:335.2,349.4 9 1
github.com/Searedphantasm/bookings/internal/handlers/handlers.go:353.73,367.16 3 1
github.com/Searedphantasm/bookings/internal/handlers/handlers.go:367.16,371.3 3 1
github.com/Searedphantasm/bookings/internal/handlers/handlers.go:373.2,374.9 2 1
github.com/Searedphantasm/bookings/internal/handlers/handlers.go:374.9,378.3 3 1
github.com/Searedphantasm/bookings/internal/handlers/handlers.go:380.2,384.63 3 1
github.com/Searedphantasm/bookings/internal/handlers/handlers.go:389.71,401.16 9 1
github.com/Searedphantasm/bookings/internal/handlers/handlers.go:401.16,405.3 3 1
github.com/Searedphantasm/bookings/internal/handlers/handlers.go:407.2,414.63 6 1
github.com/Searedphantasm/bookings/internal/repository/dbrepo/dbrepo.go:19.81,24.2 1 1
github.com/Searedphantasm/bookings/internal/repository/dbrepo/dbrepo.go:26.66,30.2 1 1
github.com/Searedphantasm/bookings/internal/repository/dbrepo/postgres.go:9.42,11.2 1 0
github.com/Searedphantasm/bookings/internal/repository/dbrepo/postgres.go:14.81,36.16 6 0
github.com/Searedphantasm/bookings/internal/repository/dbrepo/postgres.go:36.16,38.3 1 0
github.com/Searedphantasm/bookings/internal/repository/dbrepo/postgres.go:40.2,40.19 1 0
github.com/Searedphantasm/bookings/internal/repository/dbrepo/postgres.go:44.81,61.16 5 0
github.com/Searedphantasm/bookings/internal/repository/dbrepo/postgres.go:61.16,63.3 1 0
github.com/Searedphantasm/bookings/internal/repository/dbrepo/postgres.go:65.2,65.12 1 0
github.com/Searedphantasm/bookings/internal/repository/dbrepo/postgres.go:69.108,88.16 7 0
github.com/Searedphantasm/bookings/internal/repository/dbrepo/postgres.go:88.16,90.3 1 0
github.com/Searedphantasm/bookings/internal/repository/dbrepo/postgres.go:92.2,92.18 1 0
github.com/Searedphantasm/bookings/internal/repository/dbrepo/postgres.go:92.18,94.3 1 0
github.com/Searedphantasm/bookings/internal/repository/dbrepo/postgres.go:95.2,95.19 1 0
github.com/Searedphantasm/bookings/internal/repository/dbrepo/postgres.go:99.101,116.16 6 0
github.com/Searedphantasm/bookings/internal/repository/dbrepo/postgres.go:116.16,118.3 1 0
github.com/Searedphantasm/bookings/internal/repository/dbrepo/postgres.go:120.2,120.18 1 0
github.com/Searedphantasm/bookings/internal/repository/dbrepo/postgres.go:120.18,126.17 3 0
github.com/Searedphantasm/bookings/internal/repository/dbrepo/postgres.go:126.17,128.4 1 0
github.com/Searedphantasm/bookings/internal/repository/dbrepo/postgres.go:129.3,129.30 1 0
github.com/Searedphantasm/bookings/internal/repository/dbrepo/postgres.go:132.2,132.34 1 0
github.com/Searedphantasm/bookings/internal/repository/dbrepo/postgres.go:132.34,134.3 1 0
github.com/Searedphantasm/bookings/internal/repository/dbrepo/postgres.go:136.2,136.19 1 0
github.com/Searedphantasm/bookings/internal/repository/dbrepo/postgres.go:140.67,158.16 7 0
github.com/Searedphantasm/bookings/internal/repository/dbrepo/postgres.go:158.16,160.3 1 0
github.com/Searedphantasm/bookings/internal/repository/dbrepo/postgres.go:162.2,162.18 1 0
github.com/Searedphantasm/bookings/internal/repository/dbrepo/test-repo.go:10.38,12.2 1 0
github.com/Searedphantasm/bookings/internal/repository/dbrepo/test-repo.go:15.77,17.21 1 1
github.com/Searedphantasm/bookings/internal/repository/dbrepo/test-repo.go:17.21,19.3 1 0
github.com/Searedphantasm/bookings/internal/repository/dbrepo/test-repo.go:20.2,20.15 1 1
github.com/Searedphantasm/bookings/internal/repository/dbrepo/test-repo.go:24.76,25.22 1 1
github.com/Searedphantasm/bookings/internal/repository/dbrepo/test-repo.go:25.22,27.3 1 1
github.com/Searedphantasm/bookings/internal/repository/dbrepo/test-repo.go:28.2,28.12 1 1
github.com/Searedphantasm/bookings/internal/repository/dbrepo/test-repo.go:32.104,37.16 4 1
github.com/Searedphantasm/bookings/internal/repository/dbrepo/test-repo.go:37.16,39.3 1 0
github.com/Searedphantasm/bookings/internal/repository/dbrepo/test-repo.go:42.2,43.16 2 1
github.com/Searedphantasm/bookings/internal/repository/dbrepo/test-repo.go:43.16,45.3 1 0
github.com/Searedphantasm/bookings/internal/repository/dbrepo/test-repo.go:47.2,47.29 1 1
github.com/Searedphantasm/bookings/internal/repository/dbrepo/test-repo.go:47.29,49.3 1 1
github.com/Searedphantasm/bookings/internal/repository/dbrepo/test-repo.go:53.2,53.20 1 1
github.com/Searedphantasm/bookings/internal/repository/dbrepo/test-repo.go:53.20,55.3 1 1
github.com/Searedphantasm/bookings/internal/repository/dbrepo/test-repo.go:58.2,58.18 1 1
github.com/Searedphantasm/bookings/internal/repository/dbrepo/test-repo.go:62.97,70.16 5 1
github.com/Searedphantasm/bookings/internal/repository/dbrepo/test-repo.go:70.16,72.3 1 0
github.com/Searedphantasm/bookings/internal/repository/dbrepo/test-repo.go:74.2,75.16 2 1
github.com/Searedphantasm/bookings/internal/repository/dbrepo/test-repo.go:75.16,77.3 1 0
github.com/Searedphantasm/bookings/internal/repository/dbrepo/test-repo.go:79.2,79.29 1 1
github.com/Searedphantasm/bookings/internal/repository/dbrepo/test-repo.go:79.29,81.3 1 0
github.com/Searedphantasm/bookings/internal/repository/dbrepo/test-repo.go:83.2,83.20 1 1
github.com/Searedphantasm/bookings/internal/repository/dbrepo/test-repo.go:83.20,85.3 1 1
github.com/Searedphantasm/bookings/internal/repository/dbrepo/test-repo.go:89.2,94.19 3 1
github.com/Searedphantasm/bookings/internal/repository/dbrepo/test-repo.go:98.63,100.12 2 1
github.com/Searedphantasm/bookings/internal/repository/dbrepo/test-repo.go:100.12,102.3 1 1
github.com/Searedphantasm/bookings/internal/repository/dbrepo/test-repo.go:103.2,103.18 1 1
github.com/Searedphantasm/bookings/internal/render/render.go:21.39,23.2 1 1
github.com/Searedphantasm/bookings/internal/render/render.go:26.90,33.2 5 1
github.com/Searedphantasm/bookings/internal/render/render.go:36.110,39.18 2 1
github.com/Searedphantasm/bookings/internal/render/render.go:39.18,41.3 1 1
github.com/Searedphantasm/bookings/internal/render/render.go:41.8,43.3 1 1
github.com/Searedphantasm/bookings/internal/render/render.go:46.2,47.9 2 1
github.com/Searedphantasm/bookings/internal/render/render.go:47.9,49.3 1 1
github.com/Searedphantasm/bookings/internal/render/render.go:51.2,57.16 4 1
github.com/Searedphantasm/bookings/internal/render/render.go:57.16,59.3 1 0
github.com/Searedphantasm/bookings/internal/render/render.go:62.2,63.16 2 1
github.com/Searedphantasm/bookings/internal/render/render.go:63.16,66.3 2 0
github.com/Searedphantasm/bookings/internal/render/render.go:68.2,68.12 1 1
github.com/Searedphantasm/bookings/internal/render/render.go:72.67,77.16 3 1
github.com/Searedphantasm/bookings/internal/render/render.go:77.16,79.3 1 0
github.com/Searedphantasm/bookings/internal/render/render.go:81.2,81.29 1 1
github.com/Searedphantasm/bookings/internal/render/render.go:81.29,84.17 3 1
github.com/Searedphantasm/bookings/internal/render/render.go:84.17,86.4 1 0
github.com/Searedphantasm/bookings/internal/render/render.go:88.3,89.17 2 1
github.com/Searedphantasm/bookings/internal/render/render.go:89.17,91.4 1 0
github.com/Searedphantasm/bookings/internal/render/render.go:93.3,93.23 1 1
github.com/Searedphantasm/bookings/internal/render/render.go:93.23,95.18 2 1
github.com/Searedphantasm/bookings/internal/render/render.go:95.18,97.5 1 0
github.com/Searedphantasm/bookings/internal/render/render.go:100.3,100.21 1 1
github.com/Searedphantasm/bookings/internal/render/render.go:103.2,103.21 1 1
