mode: set
github.com/Searedphantasm/bookings/internal/render/render.go:21.40,23.2 1 1
github.com/Searedphantasm/bookings/internal/render/render.go:26.90,33.2 5 1
github.com/Searedphantasm/bookings/internal/render/render.go:36.116,39.18 2 1
github.com/Searedphantasm/bookings/internal/render/render.go:39.18,41.3 1 1
github.com/Searedphantasm/bookings/internal/render/render.go:41.8,43.3 1 1
github.com/Searedphantasm/bookings/internal/render/render.go:46.2,47.9 2 1
github.com/Searedphantasm/bookings/internal/render/render.go:47.9,49.3 1 1
github.com/Searedphantasm/bookings/internal/render/render.go:51.2,57.16 4 1
github.com/Searedphantasm/bookings/internal/render/render.go:57.16,59.3 1 0
github.com/Searedphantasm/bookings/internal/render/render.go:62.2,63.16 2 1
github.com/Searedphantasm/bookings/internal/render/render.go:63.16,66.3 2 0
github.com/Searedphantasm/bookings/internal/render/render.go:68.2,68.12 1 1
github.com/Searedphantasm/bookings/internal/render/render.go:72.67,77.16 3 1
github.com/Searedphantasm/bookings/internal/render/render.go:77.16,79.3 1 0
github.com/Searedphantasm/bookings/internal/render/render.go:81.2,81.29 1 1
github.com/Searedphantasm/bookings/internal/render/render.go:81.29,84.17 3 1
github.com/Searedphantasm/bookings/internal/render/render.go:84.17,86.4 1 0
github.com/Searedphantasm/bookings/internal/render/render.go:88.3,89.17 2 1
github.com/Searedphantasm/bookings/internal/render/render.go:89.17,91.4 1 0
github.com/Searedphantasm/bookings/internal/render/render.go:93.3,93.23 1 1
github.com/Searedphantasm/bookings/internal/render/render.go:93.23,95.18 2 1
github.com/Searedphantasm/bookings/internal/render/render.go:95.18,97.5 1 0
github.com/Searedphantasm/bookings/internal/render/render.go:100.3,100.21 1 1
github.com/Searedphantasm/bookings/internal/render/render.go:103.2,103.21 1 1
